# JRE version: OpenJDK Runtime Environment (8.0_242-b01) (build 1.8.0_242-release-1644-b01)
# Java VM: OpenJDK 64-Bit Server VM (25.242-b01 mixed mode windows-amd64 compressed oops)
Heap:
 PSYoungGen      total 272896K, used 6043K [0x00000000d5580000, 0x00000000e8380000, 0x0000000100000000)
  eden space 254464K, 2% used [0x00000000d5580000,0x00000000d5b66e68,0x00000000e4e00000)
  from space 18432K, 0% used [0x00000000e7180000,0x00000000e7180000,0x00000000e8380000)
  to   space 24064K, 0% used [0x00000000e5480000,0x00000000e5480000,0x00000000e6c00000)
 ParOldGen       total 177664K, used 52201K [0x0000000080000000, 0x000000008ad80000, 0x00000000d5580000)
  object space 177664K, 29% used [0x0000000080000000,0x00000000832fa5e8,0x000000008ad80000)
 Metaspace       used 85834K, capacity 89722K, committed 91672K, reserved 1134592K
  class space    used 11678K, capacity 12434K, committed 12840K, reserved 1048576K
GC Heap History (10 events):
Event: 6.797 GC heap before
{Heap before GC invocations=12 (full 3):
 PSYoungGen      total 239104K, used 18419K [0x00000000d5580000, 0x00000000e8700000, 0x0000000100000000)
  eden space 220672K, 0% used [0x00000000d5580000,0x00000000d5580000,0x00000000e2d00000)
  from space 18432K, 99% used [0x00000000e2d00000,0x00000000e3efcda8,0x00000000e3f00000)
  to   space 22016K, 0% used [0x00000000e7180000,0x00000000e7180000,0x00000000e8700000)
 ParOldGen       total 116736K, used 27634K [0x0000000080000000, 0x0000000087200000, 0x00000000d5580000)
  object space 116736K, 23% used [0x0000000080000000,0x0000000081afcb00,0x0000000087200000)
 Metaspace       used 56952K, capacity 59050K, committed 59160K, reserved 1099776K
  class space    used 7706K, capacity 8184K, committed 8232K, reserved 1048576K
Event: 7.016 GC heap after
Heap after GC invocations=12 (full 3):
 PSYoungGen      total 239104K, used 0K [0x00000000d5580000, 0x00000000e8700000, 0x0000000100000000)
  eden space 220672K, 0% used [0x00000000d5580000,0x00000000d5580000,0x00000000e2d00000)
  from space 18432K, 0% used [0x00000000e2d00000,0x00000000e2d00000,0x00000000e3f00000)
  to   space 22016K, 0% used [0x00000000e7180000,0x00000000e7180000,0x00000000e8700000)
 ParOldGen       total 177664K, used 34173K [0x0000000080000000, 0x000000008ad80000, 0x00000000d5580000)
  object space 177664K, 19% used [0x0000000080000000,0x000000008215f428,0x000000008ad80000)
 Metaspace       used 56914K, capacity 58918K, committed 59160K, reserved 1099776K
  class space    used 7694K, capacity 8162K, committed 8232K, reserved 1048576K
}
Event: 8.891 GC heap before
{Heap before GC invocations=13 (full 3):
 PSYoungGen      total 239104K, used 220672K [0x00000000d5580000, 0x00000000e8700000, 0x0000000100000000)
  eden space 220672K, 100% used [0x00000000d5580000,0x00000000e2d00000,0x00000000e2d00000)
  from space 18432K, 0% used [0x00000000e2d00000,0x00000000e2d00000,0x00000000e3f00000)
  to   space 22016K, 0% used [0x00000000e7180000,0x00000000e7180000,0x00000000e8700000)
 ParOldGen       total 177664K, used 34173K [0x0000000080000000, 0x000000008ad80000, 0x00000000d5580000)
  object space 177664K, 19% used [0x0000000080000000,0x000000008215f428,0x000000008ad80000)
 Metaspace       used 65419K, capacity 68990K, committed 69144K, reserved 1107968K
  class space    used 9047K, capacity 9742K, committed 9768K, reserved 1048576K
Event: 8.907 GC heap after
Heap after GC invocations=13 (full 3):
 PSYoungGen      total 272896K, used 18319K [0x00000000d5580000, 0x00000000e8380000, 0x0000000100000000)
  eden space 254464K, 0% used [0x00000000d5580000,0x00000000d5580000,0x00000000e4e00000)
  from space 18432K, 99% used [0x00000000e7180000,0x00000000e8363d70,0x00000000e8380000)
  to   space 24064K, 0% used [0x00000000e5480000,0x00000000e5480000,0x00000000e6c00000)
 ParOldGen       total 177664K, used 34181K [0x0000000080000000, 0x000000008ad80000, 0x00000000d5580000)
  object space 177664K, 19% used [0x0000000080000000,0x0000000082161428,0x000000008ad80000)
 Metaspace       used 65419K, capacity 68990K, committed 69144K, reserved 1107968K
  class space    used 9047K, capacity 9742K, committed 9768K, reserved 1048576K
}
Event: 11.477 GC heap before
{Heap before GC invocations=14 (full 3):
 PSYoungGen      total 272896K, used 272783K [0x00000000d5580000, 0x00000000e8380000, 0x0000000100000000)
  eden space 254464K, 100% used [0x00000000d5580000,0x00000000e4e00000,0x00000000e4e00000)
  from space 18432K, 99% used [0x00000000e7180000,0x00000000e8363d70,0x00000000e8380000)
  to   space 24064K, 0% used [0x00000000e5480000,0x00000000e5480000,0x00000000e6c00000)
 ParOldGen       total 177664K, used 34181K [0x0000000080000000, 0x000000008ad80000, 0x00000000d5580000)
  object space 177664K, 19% used [0x0000000080000000,0x0000000082161428,0x000000008ad80000)
 Metaspace       used 83378K, capacity 88298K, committed 88472K, reserved 1126400K
  class space    used 11569K, capacity 12454K, committed 12456K, reserved 1048576K
Event: 11.521 GC heap after
Heap after GC invocations=14 (full 3):
 PSYoungGen      total 278528K, used 24033K [0x00000000d5580000, 0x00000000e8380000, 0x0000000100000000)
  eden space 254464K, 0% used [0x00000000d5580000,0x00000000d5580000,0x00000000e4e00000)
  from space 24064K, 99% used [0x00000000e5480000,0x00000000e6bf8678,0x00000000e6c00000)
  to   space 18432K, 0% used [0x00000000e7180000,0x00000000e7180000,0x00000000e8380000)
 ParOldGen       total 177664K, used 45620K [0x0000000080000000, 0x000000008ad80000, 0x00000000d5580000)
  object space 177664K, 25% used [0x0000000080000000,0x0000000082c8d0b0,0x000000008ad80000)
 Metaspace       used 83378K, capacity 88298K, committed 88472K, reserved 1126400K
  class space    used 11569K, capacity 12454K, committed 12456K, reserved 1048576K
}
Event: 784.519 GC heap before
{Heap before GC invocations=15 (full 3):
 PSYoungGen      total 278528K, used 147659K [0x00000000d5580000, 0x00000000e8380000, 0x0000000100000000)
  eden space 254464K, 48% used [0x00000000d5580000,0x00000000dce3a758,0x00000000e4e00000)
  from space 24064K, 99% used [0x00000000e5480000,0x00000000e6bf8678,0x00000000e6c00000)
  to   space 18432K, 0% used [0x00000000e7180000,0x00000000e7180000,0x00000000e8380000)
 ParOldGen       total 177664K, used 45620K [0x0000000080000000, 0x000000008ad80000, 0x00000000d5580000)
  object space 177664K, 25% used [0x0000000080000000,0x0000000082c8d0b0,0x000000008ad80000)
 Metaspace       used 86372K, capacity 91318K, committed 91416K, reserved 1132544K
  class space    used 11865K, capacity 12770K, committed 12840K, reserved 1048576K
Event: 784.536 GC heap after
Heap after GC invocations=15 (full 3):
 PSYoungGen      total 272896K, used 18431K [0x00000000d5580000, 0x00000000e8380000, 0x0000000100000000)
  eden space 254464K, 0% used [0x00000000d5580000,0x00000000d5580000,0x00000000e4e00000)
  from space 18432K, 99% used [0x00000000e7180000,0x00000000e837ff68,0x00000000e8380000)
  to   space 24064K, 0% used [0x00000000e5480000,0x00000000e5480000,0x00000000e6c00000)
 ParOldGen       total 177664K, used 57615K [0x0000000080000000, 0x000000008ad80000, 0x00000000d5580000)
  object space 177664K, 32% used [0x0000000080000000,0x0000000083843fd0,0x000000008ad80000)
 Metaspace       used 86372K, capacity 91318K, committed 91416K, reserved 1132544K
  class space    used 11865K, capacity 12770K, committed 12840K, reserved 1048576K
}
Event: 784.536 GC heap before
{Heap before GC invocations=16 (full 4):
 PSYoungGen      total 272896K, used 18431K [0x00000000d5580000, 0x00000000e8380000, 0x0000000100000000)
  eden space 254464K, 0% used [0x00000000d5580000,0x00000000d5580000,0x00000000e4e00000)
  from space 18432K, 99% used [0x00000000e7180000,0x00000000e837ff68,0x00000000e8380000)
  to   space 24064K, 0% used [0x00000000e5480000,0x00000000e5480000,0x00000000e6c00000)
 ParOldGen       total 177664K, used 57615K [0x0000000080000000, 0x000000008ad80000, 0x00000000d5580000)
  object space 177664K, 32% used [0x0000000080000000,0x0000000083843fd0,0x000000008ad80000)
 Metaspace       used 86372K, capacity 91318K, committed 91416K, reserved 1132544K
  class space    used 11865K, capacity 12770K, committed 12840K, reserved 1048576K
Event: 784.665 GC heap after
Heap after GC invocations=16 (full 4):
 PSYoungGen      total 272896K, used 0K [0x00000000d5580000, 0x00000000e8380000, 0x0000000100000000)
  eden space 254464K, 0% used [0x00000000d5580000,0x00000000d5580000,0x00000000e4e00000)
  from space 18432K, 0% used [0x00000000e7180000,0x00000000e7180000,0x00000000e8380000)
  to   space 24064K, 0% used [0x00000000e5480000,0x00000000e5480000,0x00000000e6c00000)
 ParOldGen       total 177664K, used 52201K [0x0000000080000000, 0x000000008ad80000, 0x00000000d5580000)
  object space 177664K, 29% used [0x0000000080000000,0x00000000832fa5e8,0x000000008ad80000)
 Metaspace       used 85790K, capacity 89658K, committed 91416K, reserved 1130496K
  class space    used 11676K, capacity 12434K, committed 12840K, reserved 1048576K
}

