# JRE version: OpenJDK Runtime Environment (8.0_242-b01) (build 1.8.0_242-release-1644-b01)
# Java VM: OpenJDK 64-Bit Server VM (25.242-b01 mixed mode windows-amd64 compressed oops)
Heap:
 PSYoungGen      total 50176K, used 15389K [0x00000000d5580000, 0x00000000d8d80000, 0x0000000100000000)
  eden space 43008K, 19% used [0x00000000d5580000,0x00000000d5d8a770,0x00000000d7f80000)
  from space 7168K, 99% used [0x00000000d8680000,0x00000000d8d7cf70,0x00000000d8d80000)
  to   space 7168K, 0% used [0x00000000d7f80000,0x00000000d7f80000,0x00000000d8680000)
 ParOldGen       total 114688K, used 3682K [0x0000000080000000, 0x0000000087000000, 0x00000000d5580000)
  object space 114688K, 3% used [0x0000000080000000,0x0000000080398bb0,0x0000000087000000)
 Metaspace       used 19243K, capacity 19854K, committed 20096K, reserved 1067008K
  class space    used 2670K, capacity 2873K, committed 2944K, reserved 1048576K
GC Heap History (8 events):
Event: 1.065 GC heap before
{Heap before GC invocations=1 (full 0):
 PSYoungGen      total 50176K, used 43008K [0x00000000d5580000, 0x00000000d8d80000, 0x0000000100000000)
  eden space 43008K, 100% used [0x00000000d5580000,0x00000000d7f80000,0x00000000d7f80000)
  from space 7168K, 0% used [0x00000000d8680000,0x00000000d8680000,0x00000000d8d80000)
  to   space 7168K, 0% used [0x00000000d7f80000,0x00000000d7f80000,0x00000000d8680000)
 ParOldGen       total 114688K, used 0K [0x0000000080000000, 0x0000000087000000, 0x00000000d5580000)
  object space 114688K, 0% used [0x0000000080000000,0x0000000080000000,0x0000000087000000)
 Metaspace       used 7546K, capacity 7836K, committed 8064K, reserved 1056768K
  class space    used 924K, capacity 1036K, committed 1152K, reserved 1048576K
Event: 1.071 GC heap after
Heap after GC invocations=1 (full 0):
 PSYoungGen      total 50176K, used 4698K [0x00000000d5580000, 0x00000000d8d80000, 0x0000000100000000)
  eden space 43008K, 0% used [0x00000000d5580000,0x00000000d5580000,0x00000000d7f80000)
  from space 7168K, 65% used [0x00000000d7f80000,0x00000000d84169c8,0x00000000d8680000)
  to   space 7168K, 0% used [0x00000000d8680000,0x00000000d8680000,0x00000000d8d80000)
 ParOldGen       total 114688K, used 16K [0x0000000080000000, 0x0000000087000000, 0x00000000d5580000)
  object space 114688K, 0% used [0x0000000080000000,0x0000000080004000,0x0000000087000000)
 Metaspace       used 7546K, capacity 7836K, committed 8064K, reserved 1056768K
  class space    used 924K, capacity 1036K, committed 1152K, reserved 1048576K
}
Event: 1.635 GC heap before
{Heap before GC invocations=2 (full 0):
 PSYoungGen      total 50176K, used 47706K [0x00000000d5580000, 0x00000000d8d80000, 0x0000000100000000)
  eden space 43008K, 100% used [0x00000000d5580000,0x00000000d7f80000,0x00000000d7f80000)
  from space 7168K, 65% used [0x00000000d7f80000,0x00000000d84169c8,0x00000000d8680000)
  to   space 7168K, 0% used [0x00000000d8680000,0x00000000d8680000,0x00000000d8d80000)
 ParOldGen       total 114688K, used 16K [0x0000000080000000, 0x0000000087000000, 0x00000000d5580000)
  object space 114688K, 0% used [0x0000000080000000,0x0000000080004000,0x0000000087000000)
 Metaspace       used 9389K, capacity 9684K, committed 9856K, reserved 1058816K
  class space    used 1223K, capacity 1314K, committed 1408K, reserved 1048576K
Event: 1.640 GC heap after
Heap after GC invocations=2 (full 0):
 PSYoungGen      total 50176K, used 5073K [0x00000000d5580000, 0x00000000d8d80000, 0x0000000100000000)
  eden space 43008K, 0% used [0x00000000d5580000,0x00000000d5580000,0x00000000d7f80000)
  from space 7168K, 70% used [0x00000000d8680000,0x00000000d8b74588,0x00000000d8d80000)
  to   space 7168K, 0% used [0x00000000d7f80000,0x00000000d7f80000,0x00000000d8680000)
 ParOldGen       total 114688K, used 24K [0x0000000080000000, 0x0000000087000000, 0x00000000d5580000)
  object space 114688K, 0% used [0x0000000080000000,0x0000000080006000,0x0000000087000000)
 Metaspace       used 9389K, capacity 9684K, committed 9856K, reserved 1058816K
  class space    used 1223K, capacity 1314K, committed 1408K, reserved 1048576K
}
Event: 2.904 GC heap before
{Heap before GC invocations=3 (full 0):
 PSYoungGen      total 50176K, used 48081K [0x00000000d5580000, 0x00000000d8d80000, 0x0000000100000000)
  eden space 43008K, 100% used [0x00000000d5580000,0x00000000d7f80000,0x00000000d7f80000)
  from space 7168K, 70% used [0x00000000d8680000,0x00000000d8b74588,0x00000000d8d80000)
  to   space 7168K, 0% used [0x00000000d7f80000,0x00000000d7f80000,0x00000000d8680000)
 ParOldGen       total 114688K, used 24K [0x0000000080000000, 0x0000000087000000, 0x00000000d5580000)
  object space 114688K, 0% used [0x0000000080000000,0x0000000080006000,0x0000000087000000)
 Metaspace       used 14874K, capacity 15416K, committed 15744K, reserved 1062912K
  class space    used 1966K, capacity 2126K, committed 2176K, reserved 1048576K
Event: 2.914 GC heap after
Heap after GC invocations=3 (full 0):
 PSYoungGen      total 50176K, used 7154K [0x00000000d5580000, 0x00000000d8d80000, 0x0000000100000000)
  eden space 43008K, 0% used [0x00000000d5580000,0x00000000d5580000,0x00000000d7f80000)
  from space 7168K, 99% used [0x00000000d7f80000,0x00000000d867c848,0x00000000d8680000)
  to   space 7168K, 0% used [0x00000000d8680000,0x00000000d8680000,0x00000000d8d80000)
 ParOldGen       total 114688K, used 1139K [0x0000000080000000, 0x0000000087000000, 0x00000000d5580000)
  object space 114688K, 0% used [0x0000000080000000,0x000000008011cf38,0x0000000087000000)
 Metaspace       used 14874K, capacity 15416K, committed 15744K, reserved 1062912K
  class space    used 1966K, capacity 2126K, committed 2176K, reserved 1048576K
}
Event: 3.538 GC heap before
{Heap before GC invocations=4 (full 0):
 PSYoungGen      total 50176K, used 50162K [0x00000000d5580000, 0x00000000d8d80000, 0x0000000100000000)
  eden space 43008K, 100% used [0x00000000d5580000,0x00000000d7f80000,0x00000000d7f80000)
  from space 7168K, 99% used [0x00000000d7f80000,0x00000000d867c848,0x00000000d8680000)
  to   space 7168K, 0% used [0x00000000d8680000,0x00000000d8680000,0x00000000d8d80000)
 ParOldGen       total 114688K, used 1139K [0x0000000080000000, 0x0000000087000000, 0x00000000d5580000)
  object space 114688K, 0% used [0x0000000080000000,0x000000008011cf38,0x0000000087000000)
 Metaspace       used 18636K, capacity 19282K, committed 19456K, reserved 1067008K
  class space    used 2561K, capacity 2771K, committed 2816K, reserved 1048576K
Event: 3.550 GC heap after
Heap after GC invocations=4 (full 0):
 PSYoungGen      total 50176K, used 7155K [0x00000000d5580000, 0x00000000d8d80000, 0x0000000100000000)
  eden space 43008K, 0% used [0x00000000d5580000,0x00000000d5580000,0x00000000d7f80000)
  from space 7168K, 99% used [0x00000000d8680000,0x00000000d8d7cf70,0x00000000d8d80000)
  to   space 7168K, 0% used [0x00000000d7f80000,0x00000000d7f80000,0x00000000d8680000)
 ParOldGen       total 114688K, used 3682K [0x0000000080000000, 0x0000000087000000, 0x00000000d5580000)
  object space 114688K, 3% used [0x0000000080000000,0x0000000080398bb0,0x0000000087000000)
 Metaspace       used 18636K, capacity 19282K, committed 19456K, reserved 1067008K
  class space    used 2561K, capacity 2771K, committed 2816K, reserved 1048576K
}

