# JRE version: OpenJDK Runtime Environment (8.0_242-b01) (build 1.8.0_242-release-1644-b01)
# Java VM: OpenJDK 64-Bit Server VM (25.242-b01 mixed mode windows-amd64 compressed oops)
Heap:
 PSYoungGen      total 66560K, used 61169K [0x0000000788800000, 0x000000078f400000, 0x00000007c0000000)
  eden space 59392K, 90% used [0x0000000788800000,0x000000078bcbcce0,0x000000078c200000)
  from space 7168K, 99% used [0x000000078c200000,0x000000078c8ff8d0,0x000000078c900000)
  to   space 16896K, 0% used [0x000000078e380000,0x000000078e380000,0x000000078f400000)
 ParOldGen       total 149504K, used 27171K [0x0000000719800000, 0x0000000722a00000, 0x0000000788800000)
  object space 149504K, 18% used [0x0000000719800000,0x000000071b288d90,0x0000000722a00000)
 Metaspace       used 42038K, capacity 42698K, committed 43056K, reserved 1087488K
  class space    used 5164K, capacity 5318K, committed 5424K, reserved 1048576K
GC Heap History (10 events):
Event: 1.372 GC heap before
{Heap before GC invocations=3 (full 1):
 PSYoungGen      total 50176K, used 7163K [0x0000000788800000, 0x000000078ea00000, 0x00000007c0000000)
  eden space 43008K, 0% used [0x0000000788800000,0x0000000788800000,0x000000078b200000)
  from space 7168K, 99% used [0x000000078b900000,0x000000078bffef78,0x000000078c000000)
  to   space 7168K, 0% used [0x000000078b200000,0x000000078b200000,0x000000078b900000)
 ParOldGen       total 114688K, used 9504K [0x0000000719800000, 0x0000000720800000, 0x0000000788800000)
  object space 114688K, 8% used [0x0000000719800000,0x000000071a148208,0x0000000720800000)
 Metaspace       used 20815K, capacity 21188K, committed 21296K, reserved 1069056K
  class space    used 2465K, capacity 2594K, committed 2608K, reserved 1048576K
Event: 1.400 GC heap after
Heap after GC invocations=3 (full 1):
 PSYoungGen      total 50176K, used 0K [0x0000000788800000, 0x000000078ea00000, 0x00000007c0000000)
  eden space 43008K, 0% used [0x0000000788800000,0x0000000788800000,0x000000078b200000)
  from space 7168K, 0% used [0x000000078b900000,0x000000078b900000,0x000000078c000000)
  to   space 7168K, 0% used [0x000000078b200000,0x000000078b200000,0x000000078b900000)
 ParOldGen       total 89088K, used 13019K [0x0000000719800000, 0x000000071ef00000, 0x0000000788800000)
  object space 89088K, 14% used [0x0000000719800000,0x000000071a4b6eb8,0x000000071ef00000)
 Metaspace       used 20815K, capacity 21188K, committed 21296K, reserved 1069056K
  class space    used 2465K, capacity 2594K, committed 2608K, reserved 1048576K
}
Event: 2.160 GC heap before
{Heap before GC invocations=4 (full 1):
 PSYoungGen      total 50176K, used 43008K [0x0000000788800000, 0x000000078ea00000, 0x00000007c0000000)
  eden space 43008K, 100% used [0x0000000788800000,0x000000078b200000,0x000000078b200000)
  from space 7168K, 0% used [0x000000078b900000,0x000000078b900000,0x000000078c000000)
  to   space 7168K, 0% used [0x000000078b200000,0x000000078b200000,0x000000078b900000)
 ParOldGen       total 89088K, used 13019K [0x0000000719800000, 0x000000071ef00000, 0x0000000788800000)
  object space 89088K, 14% used [0x0000000719800000,0x000000071a4b6eb8,0x000000071ef00000)
 Metaspace       used 26642K, capacity 27141K, committed 27440K, reserved 1073152K
  class space    used 3191K, capacity 3352K, committed 3376K, reserved 1048576K
Event: 2.166 GC heap after
Heap after GC invocations=4 (full 1):
 PSYoungGen      total 50176K, used 7151K [0x0000000788800000, 0x000000078d000000, 0x00000007c0000000)
  eden space 43008K, 0% used [0x0000000788800000,0x0000000788800000,0x000000078b200000)
  from space 7168K, 99% used [0x000000078b200000,0x000000078b8fbc98,0x000000078b900000)
  to   space 7168K, 0% used [0x000000078c900000,0x000000078c900000,0x000000078d000000)
 ParOldGen       total 89088K, used 16659K [0x0000000719800000, 0x000000071ef00000, 0x0000000788800000)
  object space 89088K, 18% used [0x0000000719800000,0x000000071a844d90,0x000000071ef00000)
 Metaspace       used 26642K, capacity 27141K, committed 27440K, reserved 1073152K
  class space    used 3191K, capacity 3352K, committed 3376K, reserved 1048576K
}
Event: 2.835 GC heap before
{Heap before GC invocations=5 (full 1):
 PSYoungGen      total 50176K, used 48322K [0x0000000788800000, 0x000000078d000000, 0x00000007c0000000)
  eden space 43008K, 95% used [0x0000000788800000,0x000000078b034d98,0x000000078b200000)
  from space 7168K, 99% used [0x000000078b200000,0x000000078b8fbc98,0x000000078b900000)
  to   space 7168K, 0% used [0x000000078c900000,0x000000078c900000,0x000000078d000000)
 ParOldGen       total 89088K, used 16659K [0x0000000719800000, 0x000000071ef00000, 0x0000000788800000)
  object space 89088K, 18% used [0x0000000719800000,0x000000071a844d90,0x000000071ef00000)
 Metaspace       used 34759K, capacity 35340K, committed 35496K, reserved 1081344K
  class space    used 4445K, capacity 4593K, committed 4656K, reserved 1048576K
Event: 2.846 GC heap after
Heap after GC invocations=5 (full 1):
 PSYoungGen      total 66560K, used 7147K [0x0000000788800000, 0x000000078d080000, 0x00000007c0000000)
  eden space 59392K, 0% used [0x0000000788800000,0x0000000788800000,0x000000078c200000)
  from space 7168K, 99% used [0x000000078c900000,0x000000078cffadd8,0x000000078d000000)
  to   space 7168K, 0% used [0x000000078c200000,0x000000078c200000,0x000000078c900000)
 ParOldGen       total 89088K, used 25999K [0x0000000719800000, 0x000000071ef00000, 0x0000000788800000)
  object space 89088K, 29% used [0x0000000719800000,0x000000071b163f60,0x000000071ef00000)
 Metaspace       used 34759K, capacity 35340K, committed 35496K, reserved 1081344K
  class space    used 4445K, capacity 4593K, committed 4656K, reserved 1048576K
}
Event: 2.846 GC heap before
{Heap before GC invocations=6 (full 2):
 PSYoungGen      total 66560K, used 7147K [0x0000000788800000, 0x000000078d080000, 0x00000007c0000000)
  eden space 59392K, 0% used [0x0000000788800000,0x0000000788800000,0x000000078c200000)
  from space 7168K, 99% used [0x000000078c900000,0x000000078cffadd8,0x000000078d000000)
  to   space 7168K, 0% used [0x000000078c200000,0x000000078c200000,0x000000078c900000)
 ParOldGen       total 89088K, used 25999K [0x0000000719800000, 0x000000071ef00000, 0x0000000788800000)
  object space 89088K, 29% used [0x0000000719800000,0x000000071b163f60,0x000000071ef00000)
 Metaspace       used 34759K, capacity 35340K, committed 35496K, reserved 1081344K
  class space    used 4445K, capacity 4593K, committed 4656K, reserved 1048576K
Event: 2.912 GC heap after
Heap after GC invocations=6 (full 2):
 PSYoungGen      total 66560K, used 0K [0x0000000788800000, 0x000000078d080000, 0x00000007c0000000)
  eden space 59392K, 0% used [0x0000000788800000,0x0000000788800000,0x000000078c200000)
  from space 7168K, 0% used [0x000000078c900000,0x000000078c900000,0x000000078d000000)
  to   space 7168K, 0% used [0x000000078c200000,0x000000078c200000,0x000000078c900000)
 ParOldGen       total 149504K, used 21768K [0x0000000719800000, 0x0000000722a00000, 0x0000000788800000)
  object space 149504K, 14% used [0x0000000719800000,0x000000071ad422e8,0x0000000722a00000)
 Metaspace       used 34759K, capacity 35340K, committed 35496K, reserved 1081344K
  class space    used 4445K, capacity 4593K, committed 4656K, reserved 1048576K
}
Event: 3.723 GC heap before
{Heap before GC invocations=7 (full 2):
 PSYoungGen      total 66560K, used 59392K [0x0000000788800000, 0x000000078d080000, 0x00000007c0000000)
  eden space 59392K, 100% used [0x0000000788800000,0x000000078c200000,0x000000078c200000)
  from space 7168K, 0% used [0x000000078c900000,0x000000078c900000,0x000000078d000000)
  to   space 7168K, 0% used [0x000000078c200000,0x000000078c200000,0x000000078c900000)
 ParOldGen       total 149504K, used 21768K [0x0000000719800000, 0x0000000722a00000, 0x0000000788800000)
  object space 149504K, 14% used [0x0000000719800000,0x000000071ad422e8,0x0000000722a00000)
 Metaspace       used 39650K, capacity 40340K, committed 40496K, reserved 1085440K
  class space    used 4993K, capacity 5165K, committed 5168K, reserved 1048576K
Event: 3.733 GC heap after
Heap after GC invocations=7 (full 2):
 PSYoungGen      total 66560K, used 7166K [0x0000000788800000, 0x000000078f400000, 0x00000007c0000000)
  eden space 59392K, 0% used [0x0000000788800000,0x0000000788800000,0x000000078c200000)
  from space 7168K, 99% used [0x000000078c200000,0x000000078c8ff8d0,0x000000078c900000)
  to   space 16896K, 0% used [0x000000078e380000,0x000000078e380000,0x000000078f400000)
 ParOldGen       total 149504K, used 27171K [0x0000000719800000, 0x0000000722a00000, 0x0000000788800000)
  object space 149504K, 18% used [0x0000000719800000,0x000000071b288d90,0x0000000722a00000)
 Metaspace       used 39650K, capacity 40340K, committed 40496K, reserved 1085440K
  class space    used 4993K, capacity 5165K, committed 5168K, reserved 1048576K
}

