# JRE version: OpenJDK Runtime Environment (8.0_242-b01) (build 1.8.0_242-release-1644-b01)
# Java VM: OpenJDK 64-Bit Server VM (25.242-b01 mixed mode windows-amd64 compressed oops)
Heap:
 PSYoungGen      total 131584K, used 36477K [0x00000000d5580000, 0x00000000de900000, 0x0000000100000000)
  eden space 115712K, 31% used [0x00000000d5580000,0x00000000d791f6d8,0x00000000dc680000)
  from space 15872K, 0% used [0x00000000dc680000,0x00000000dc680000,0x00000000dd600000)
  to   space 12800K, 0% used [0x00000000dd600000,0x00000000dd600000,0x00000000de280000)
 ParOldGen       total 123904K, used 35680K [0x0000000080000000, 0x0000000087900000, 0x00000000d5580000)
  object space 123904K, 28% used [0x0000000080000000,0x00000000822d81a0,0x0000000087900000)
 Metaspace       used 58399K, capacity 60566K, committed 60696K, reserved 1101824K
  class space    used 7958K, capacity 8468K, committed 8488K, reserved 1048576K
GC Heap History (10 events):
Event: 7.855 GC heap before
{Heap before GC invocations=10 (full 2):
 PSYoungGen      total 111616K, used 10366K [0x00000000d5580000, 0x00000000de300000, 0x0000000100000000)
  eden space 99328K, 0% used [0x00000000d5580000,0x00000000d5580000,0x00000000db680000)
  from space 12288K, 84% used [0x00000000dc300000,0x00000000dcd1fab8,0x00000000dcf00000)
  to   space 12800K, 0% used [0x00000000db680000,0x00000000db680000,0x00000000dc300000)
 ParOldGen       total 74240K, used 8832K [0x0000000080000000, 0x0000000084880000, 0x00000000d5580000)
  object space 74240K, 11% used [0x0000000080000000,0x00000000808a0378,0x0000000084880000)
 Metaspace       used 34329K, capacity 35398K, committed 35496K, reserved 1079296K
  class space    used 4662K, capacity 4946K, committed 5032K, reserved 1048576K
Event: 7.957 GC heap after
Heap after GC invocations=10 (full 2):
 PSYoungGen      total 111616K, used 0K [0x00000000d5580000, 0x00000000de300000, 0x0000000100000000)
  eden space 99328K, 0% used [0x00000000d5580000,0x00000000d5580000,0x00000000db680000)
  from space 12288K, 0% used [0x00000000dc300000,0x00000000dc300000,0x00000000dcf00000)
  to   space 12800K, 0% used [0x00000000db680000,0x00000000db680000,0x00000000dc300000)
 ParOldGen       total 123904K, used 17293K [0x0000000080000000, 0x0000000087900000, 0x00000000d5580000)
  object space 123904K, 13% used [0x0000000080000000,0x00000000810e3498,0x0000000087900000)
 Metaspace       used 34329K, capacity 35398K, committed 35496K, reserved 1079296K
  class space    used 4662K, capacity 4946K, committed 5032K, reserved 1048576K
}
Event: 9.816 GC heap before
{Heap before GC invocations=11 (full 2):
 PSYoungGen      total 111616K, used 99328K [0x00000000d5580000, 0x00000000de300000, 0x0000000100000000)
  eden space 99328K, 100% used [0x00000000d5580000,0x00000000db680000,0x00000000db680000)
  from space 12288K, 0% used [0x00000000dc300000,0x00000000dc300000,0x00000000dcf00000)
  to   space 12800K, 0% used [0x00000000db680000,0x00000000db680000,0x00000000dc300000)
 ParOldGen       total 123904K, used 17293K [0x0000000080000000, 0x0000000087900000, 0x00000000d5580000)
  object space 123904K, 13% used [0x0000000080000000,0x00000000810e3498,0x0000000087900000)
 Metaspace       used 39214K, capacity 40882K, committed 41128K, reserved 1085440K
  class space    used 5383K, capacity 5745K, committed 5800K, reserved 1048576K
Event: 9.828 GC heap after
Heap after GC invocations=11 (full 2):
 PSYoungGen      total 112128K, used 8274K [0x00000000d5580000, 0x00000000de280000, 0x0000000100000000)
  eden space 99328K, 0% used [0x00000000d5580000,0x00000000d5580000,0x00000000db680000)
  from space 12800K, 64% used [0x00000000db680000,0x00000000dbe949d0,0x00000000dc300000)
  to   space 12800K, 0% used [0x00000000dd600000,0x00000000dd600000,0x00000000de280000)
 ParOldGen       total 123904K, used 17301K [0x0000000080000000, 0x0000000087900000, 0x00000000d5580000)
  object space 123904K, 13% used [0x0000000080000000,0x00000000810e5498,0x0000000087900000)
 Metaspace       used 39214K, capacity 40882K, committed 41128K, reserved 1085440K
  class space    used 5383K, capacity 5745K, committed 5800K, reserved 1048576K
}
Event: 11.474 GC heap before
{Heap before GC invocations=12 (full 2):
 PSYoungGen      total 112128K, used 107602K [0x00000000d5580000, 0x00000000de280000, 0x0000000100000000)
  eden space 99328K, 100% used [0x00000000d5580000,0x00000000db680000,0x00000000db680000)
  from space 12800K, 64% used [0x00000000db680000,0x00000000dbe949d0,0x00000000dc300000)
  to   space 12800K, 0% used [0x00000000dd600000,0x00000000dd600000,0x00000000de280000)
 ParOldGen       total 123904K, used 17301K [0x0000000080000000, 0x0000000087900000, 0x00000000d5580000)
  object space 123904K, 13% used [0x0000000080000000,0x00000000810e5498,0x0000000087900000)
 Metaspace       used 48462K, capacity 50268K, committed 50472K, reserved 1093632K
  class space    used 6527K, capacity 6903K, committed 6952K, reserved 1048576K
Event: 11.491 GC heap after
Heap after GC invocations=12 (full 2):
 PSYoungGen      total 128512K, used 12786K [0x00000000d5580000, 0x00000000de900000, 0x0000000100000000)
  eden space 115712K, 0% used [0x00000000d5580000,0x00000000d5580000,0x00000000dc680000)
  from space 12800K, 99% used [0x00000000dd600000,0x00000000de27c8e0,0x00000000de280000)
  to   space 15872K, 0% used [0x00000000dc680000,0x00000000dc680000,0x00000000dd600000)
 ParOldGen       total 123904K, used 21160K [0x0000000080000000, 0x0000000087900000, 0x00000000d5580000)
  object space 123904K, 17% used [0x0000000080000000,0x00000000814aa118,0x0000000087900000)
 Metaspace       used 48462K, capacity 50268K, committed 50472K, reserved 1093632K
  class space    used 6527K, capacity 6903K, committed 6952K, reserved 1048576K
}
Event: 13.341 GC heap before
{Heap before GC invocations=13 (full 2):
 PSYoungGen      total 128512K, used 107239K [0x00000000d5580000, 0x00000000de900000, 0x0000000100000000)
  eden space 115712K, 81% used [0x00000000d5580000,0x00000000db1bd468,0x00000000dc680000)
  from space 12800K, 99% used [0x00000000dd600000,0x00000000de27c8e0,0x00000000de280000)
  to   space 15872K, 0% used [0x00000000dc680000,0x00000000dc680000,0x00000000dd600000)
 ParOldGen       total 123904K, used 21160K [0x0000000080000000, 0x0000000087900000, 0x00000000d5580000)
  object space 123904K, 17% used [0x0000000080000000,0x00000000814aa118,0x0000000087900000)
 Metaspace       used 56810K, capacity 59088K, committed 59160K, reserved 1099776K
  class space    used 7696K, capacity 8176K, committed 8232K, reserved 1048576K
Event: 13.366 GC heap after
Heap after GC invocations=13 (full 2):
 PSYoungGen      total 131584K, used 15868K [0x00000000d5580000, 0x00000000de900000, 0x0000000100000000)
  eden space 115712K, 0% used [0x00000000d5580000,0x00000000d5580000,0x00000000dc680000)
  from space 15872K, 99% used [0x00000000dc680000,0x00000000dd5ff340,0x00000000dd600000)
  to   space 12800K, 0% used [0x00000000dd600000,0x00000000dd600000,0x00000000de280000)
 ParOldGen       total 123904K, used 26773K [0x0000000080000000, 0x0000000087900000, 0x00000000d5580000)
  object space 123904K, 21% used [0x0000000080000000,0x0000000081a25508,0x0000000087900000)
 Metaspace       used 56810K, capacity 59088K, committed 59160K, reserved 1099776K
  class space    used 7696K, capacity 8176K, committed 8232K, reserved 1048576K
}
Event: 13.366 GC heap before
{Heap before GC invocations=14 (full 3):
 PSYoungGen      total 131584K, used 15868K [0x00000000d5580000, 0x00000000de900000, 0x0000000100000000)
  eden space 115712K, 0% used [0x00000000d5580000,0x00000000d5580000,0x00000000dc680000)
  from space 15872K, 99% used [0x00000000dc680000,0x00000000dd5ff340,0x00000000dd600000)
  to   space 12800K, 0% used [0x00000000dd600000,0x00000000dd600000,0x00000000de280000)
 ParOldGen       total 123904K, used 26773K [0x0000000080000000, 0x0000000087900000, 0x00000000d5580000)
  object space 123904K, 21% used [0x0000000080000000,0x0000000081a25508,0x0000000087900000)
 Metaspace       used 56810K, capacity 59088K, committed 59160K, reserved 1099776K
  class space    used 7696K, capacity 8176K, committed 8232K, reserved 1048576K
Event: 13.723 GC heap after
Heap after GC invocations=14 (full 3):
 PSYoungGen      total 131584K, used 0K [0x00000000d5580000, 0x00000000de900000, 0x0000000100000000)
  eden space 115712K, 0% used [0x00000000d5580000,0x00000000d5580000,0x00000000dc680000)
  from space 15872K, 0% used [0x00000000dc680000,0x00000000dc680000,0x00000000dd600000)
  to   space 12800K, 0% used [0x00000000dd600000,0x00000000dd600000,0x00000000de280000)
 ParOldGen       total 123904K, used 35680K [0x0000000080000000, 0x0000000087900000, 0x00000000d5580000)
  object space 123904K, 28% used [0x0000000080000000,0x00000000822d81a0,0x0000000087900000)
 Metaspace       used 56791K, capacity 59022K, committed 59160K, reserved 1099776K
  class space    used 7690K, capacity 8165K, committed 8232K, reserved 1048576K
}

