# JRE version: OpenJDK Runtime Environment (8.0_242-b01) (build 1.8.0_242-release-1644-b01)
# Java VM: OpenJDK 64-Bit Server VM (25.242-b01 mixed mode windows-amd64 compressed oops)
Heap:
 PSYoungGen      total 278528K, used 197499K [0x00000000d5580000, 0x00000000ea900000, 0x0000000100000000)
  eden space 214016K, 80% used [0x00000000d5580000,0x00000000dfcbf668,0x00000000e2680000)
  from space 64512K, 40% used [0x00000000e2680000,0x00000000e401f8f0,0x00000000e6580000)
  to   space 64000K, 0% used [0x00000000e6580000,0x00000000e6580000,0x00000000ea400000)
 ParOldGen       total 284160K, used 78973K [0x0000000080000000, 0x0000000091580000, 0x00000000d5580000)
  object space 284160K, 27% used [0x0000000080000000,0x0000000084d1f458,0x0000000091580000)
 Metaspace       used 115256K, capacity 121716K, committed 121880K, reserved 1155072K
  class space    used 14899K, capacity 16048K, committed 16168K, reserved 1048576K
GC Heap History (10 events):
Event: 13352.065 GC heap before
{Heap before GC invocations=33 (full 6):
 PSYoungGen      total 200704K, used 197660K [0x00000000d5580000, 0x00000000e5100000, 0x0000000100000000)
  eden space 161280K, 100% used [0x00000000d5580000,0x00000000df300000,0x00000000df300000)
  from space 39424K, 92% used [0x00000000e1e80000,0x00000000e4207338,0x00000000e4500000)
  to   space 44544K, 0% used [0x00000000df300000,0x00000000df300000,0x00000000e1e80000)
 ParOldGen       total 284160K, used 49655K [0x0000000080000000, 0x0000000091580000, 0x00000000d5580000)
  object space 284160K, 17% used [0x0000000080000000,0x000000008307dfe0,0x0000000091580000)
 Metaspace       used 114285K, capacity 120630K, committed 120728K, reserved 1155072K
  class space    used 14869K, capacity 16027K, committed 16040K, reserved 1048576K
Event: 13352.104 GC heap after
Heap after GC invocations=33 (full 6):
 PSYoungGen      total 205824K, used 44536K [0x00000000d5580000, 0x00000000e7680000, 0x0000000100000000)
  eden space 161280K, 0% used [0x00000000d5580000,0x00000000d5580000,0x00000000df300000)
  from space 44544K, 99% used [0x00000000df300000,0x00000000e1e7e110,0x00000000e1e80000)
  to   space 55808K, 0% used [0x00000000e4000000,0x00000000e4000000,0x00000000e7680000)
 ParOldGen       total 284160K, used 61688K [0x0000000080000000, 0x0000000091580000, 0x00000000d5580000)
  object space 284160K, 21% used [0x0000000080000000,0x0000000083c3e3c0,0x0000000091580000)
 Metaspace       used 114285K, capacity 120630K, committed 120728K, reserved 1155072K
  class space    used 14869K, capacity 16027K, committed 16040K, reserved 1048576K
}
Event: 13352.582 GC heap before
{Heap before GC invocations=34 (full 6):
 PSYoungGen      total 205824K, used 205816K [0x00000000d5580000, 0x00000000e7680000, 0x0000000100000000)
  eden space 161280K, 100% used [0x00000000d5580000,0x00000000df300000,0x00000000df300000)
  from space 44544K, 99% used [0x00000000df300000,0x00000000e1e7e110,0x00000000e1e80000)
  to   space 55808K, 0% used [0x00000000e4000000,0x00000000e4000000,0x00000000e7680000)
 ParOldGen       total 284160K, used 61688K [0x0000000080000000, 0x0000000091580000, 0x00000000d5580000)
  object space 284160K, 21% used [0x0000000080000000,0x0000000083c3e3c0,0x0000000091580000)
 Metaspace       used 114486K, capacity 120870K, committed 120984K, reserved 1155072K
  class space    used 14883K, capacity 16035K, committed 16040K, reserved 1048576K
Event: 13352.631 GC heap after
Heap after GC invocations=34 (full 6):
 PSYoungGen      total 235008K, used 44068K [0x00000000d5580000, 0x00000000e8780000, 0x0000000100000000)
  eden space 179200K, 0% used [0x00000000d5580000,0x00000000d5580000,0x00000000e0480000)
  from space 55808K, 78% used [0x00000000e4000000,0x00000000e6b09238,0x00000000e7680000)
  to   space 60928K, 0% used [0x00000000e0480000,0x00000000e0480000,0x00000000e4000000)
 ParOldGen       total 284160K, used 61688K [0x0000000080000000, 0x0000000091580000, 0x00000000d5580000)
  object space 284160K, 21% used [0x0000000080000000,0x0000000083c3e3c0,0x0000000091580000)
 Metaspace       used 114486K, capacity 120870K, committed 120984K, reserved 1155072K
  class space    used 14883K, capacity 16035K, committed 16040K, reserved 1048576K
}
Event: 13353.104 GC heap before
{Heap before GC invocations=35 (full 6):
 PSYoungGen      total 235008K, used 223268K [0x00000000d5580000, 0x00000000e8780000, 0x0000000100000000)
  eden space 179200K, 100% used [0x00000000d5580000,0x00000000e0480000,0x00000000e0480000)
  from space 55808K, 78% used [0x00000000e4000000,0x00000000e6b09238,0x00000000e7680000)
  to   space 60928K, 0% used [0x00000000e0480000,0x00000000e0480000,0x00000000e4000000)
 ParOldGen       total 284160K, used 61688K [0x0000000080000000, 0x0000000091580000, 0x00000000d5580000)
  object space 284160K, 21% used [0x0000000080000000,0x0000000083c3e3c0,0x0000000091580000)
 Metaspace       used 114963K, capacity 121394K, committed 121624K, reserved 1155072K
  class space    used 14888K, capacity 16043K, committed 16168K, reserved 1048576K
Event: 13353.137 GC heap after
Heap after GC invocations=35 (full 6):
 PSYoungGen      total 240128K, used 43720K [0x00000000d5580000, 0x00000000ea400000, 0x0000000100000000)
  eden space 179200K, 0% used [0x00000000d5580000,0x00000000d5580000,0x00000000e0480000)
  from space 60928K, 71% used [0x00000000e0480000,0x00000000e2f32368,0x00000000e4000000)
  to   space 64000K, 0% used [0x00000000e6580000,0x00000000e6580000,0x00000000ea400000)
 ParOldGen       total 284160K, used 61696K [0x0000000080000000, 0x0000000091580000, 0x00000000d5580000)
  object space 284160K, 21% used [0x0000000080000000,0x0000000083c403c0,0x0000000091580000)
 Metaspace       used 114963K, capacity 121394K, committed 121624K, reserved 1155072K
  class space    used 14888K, capacity 16043K, committed 16168K, reserved 1048576K
}
Event: 13353.559 GC heap before
{Heap before GC invocations=36 (full 6):
 PSYoungGen      total 240128K, used 222920K [0x00000000d5580000, 0x00000000ea400000, 0x0000000100000000)
  eden space 179200K, 100% used [0x00000000d5580000,0x00000000e0480000,0x00000000e0480000)
  from space 60928K, 71% used [0x00000000e0480000,0x00000000e2f32368,0x00000000e4000000)
  to   space 64000K, 0% used [0x00000000e6580000,0x00000000e6580000,0x00000000ea400000)
 ParOldGen       total 284160K, used 61696K [0x0000000080000000, 0x0000000091580000, 0x00000000d5580000)
  object space 284160K, 21% used [0x0000000080000000,0x0000000083c403c0,0x0000000091580000)
 Metaspace       used 115137K, capacity 121614K, committed 121880K, reserved 1155072K
  class space    used 14888K, capacity 16043K, committed 16168K, reserved 1048576K
Event: 13353.620 GC heap after
Heap after GC invocations=36 (full 6):
 PSYoungGen      total 278016K, used 37580K [0x00000000d5580000, 0x00000000ea900000, 0x0000000100000000)
  eden space 214016K, 0% used [0x00000000d5580000,0x00000000d5580000,0x00000000e2680000)
  from space 64000K, 58% used [0x00000000e6580000,0x00000000e8a330d0,0x00000000ea400000)
  to   space 64512K, 0% used [0x00000000e2680000,0x00000000e2680000,0x00000000e6580000)
 ParOldGen       total 284160K, used 66371K [0x0000000080000000, 0x0000000091580000, 0x00000000d5580000)
  object space 284160K, 23% used [0x0000000080000000,0x00000000840d0e98,0x0000000091580000)
 Metaspace       used 115137K, capacity 121614K, committed 121880K, reserved 1155072K
  class space    used 14888K, capacity 16043K, committed 16168K, reserved 1048576K
}
Event: 13354.206 GC heap before
{Heap before GC invocations=37 (full 6):
 PSYoungGen      total 278016K, used 251596K [0x00000000d5580000, 0x00000000ea900000, 0x0000000100000000)
  eden space 214016K, 100% used [0x00000000d5580000,0x00000000e2680000,0x00000000e2680000)
  from space 64000K, 58% used [0x00000000e6580000,0x00000000e8a330d0,0x00000000ea400000)
  to   space 64512K, 0% used [0x00000000e2680000,0x00000000e2680000,0x00000000e6580000)
 ParOldGen       total 284160K, used 66371K [0x0000000080000000, 0x0000000091580000, 0x00000000d5580000)
  object space 284160K, 23% used [0x0000000080000000,0x00000000840d0e98,0x0000000091580000)
 Metaspace       used 115198K, capacity 121694K, committed 121880K, reserved 1155072K
  class space    used 14889K, capacity 16043K, committed 16168K, reserved 1048576K
Event: 13354.236 GC heap after
Heap after GC invocations=37 (full 6):
 PSYoungGen      total 278528K, used 26238K [0x00000000d5580000, 0x00000000ea900000, 0x0000000100000000)
  eden space 214016K, 0% used [0x00000000d5580000,0x00000000d5580000,0x00000000e2680000)
  from space 64512K, 40% used [0x00000000e2680000,0x00000000e401f8f0,0x00000000e6580000)
  to   space 64000K, 0% used [0x00000000e6580000,0x00000000e6580000,0x00000000ea400000)
 ParOldGen       total 284160K, used 78973K [0x0000000080000000, 0x0000000091580000, 0x00000000d5580000)
  object space 284160K, 27% used [0x0000000080000000,0x0000000084d1f458,0x0000000091580000)
 Metaspace       used 115198K, capacity 121694K, committed 121880K, reserved 1155072K
  class space    used 14889K, capacity 16043K, committed 16168K, reserved 1048576K
}

