# JRE version: OpenJDK Runtime Environment (8.0_242-b01) (build 1.8.0_242-release-1644-b01)
# Java VM: OpenJDK 64-Bit Server VM (25.242-b01 mixed mode windows-amd64 compressed oops)
Heap:
 PSYoungGen      total 53760K, used 47000K [0x00000000d5580000, 0x00000000da880000, 0x0000000100000000)
  eden space 41984K, 95% used [0x00000000d5580000,0x00000000d7c9b9f0,0x00000000d7e80000)
  from space 11776K, 59% used [0x00000000d7e80000,0x00000000d854a800,0x00000000d8a00000)
  to   space 11264K, 0% used [0x00000000d9d80000,0x00000000d9d80000,0x00000000da880000)
 ParOldGen       total 77312K, used 8920K [0x0000000080000000, 0x0000000084b80000, 0x00000000d5580000)
  object space 77312K, 11% used [0x0000000080000000,0x00000000808b6050,0x0000000084b80000)
 Metaspace       used 31970K, capacity 32904K, committed 33072K, reserved 1077248K
  class space    used 4322K, capacity 4579K, committed 4656K, reserved 1048576K
GC Heap History (10 events):
Event: 4.943 GC heap before
{Heap before GC invocations=4 (full 0):
 PSYoungGen      total 50176K, used 50156K [0x00000000d5580000, 0x00000000d8d80000, 0x0000000100000000)
  eden space 43008K, 100% used [0x00000000d5580000,0x00000000d7f80000,0x00000000d7f80000)
  from space 7168K, 99% used [0x00000000d7f80000,0x00000000d867b398,0x00000000d8680000)
  to   space 7168K, 0% used [0x00000000d8680000,0x00000000d8680000,0x00000000d8d80000)
 ParOldGen       total 114688K, used 1111K [0x0000000080000000, 0x0000000087000000, 0x00000000d5580000)
  object space 114688K, 0% used [0x0000000080000000,0x0000000080115f68,0x0000000087000000)
 Metaspace       used 18491K, capacity 19122K, committed 19456K, reserved 1067008K
  class space    used 2549K, capacity 2739K, committed 2816K, reserved 1048576K
Event: 4.951 GC heap after
Heap after GC invocations=4 (full 0):
 PSYoungGen      total 50176K, used 7150K [0x00000000d5580000, 0x00000000d8d80000, 0x0000000100000000)
  eden space 43008K, 0% used [0x00000000d5580000,0x00000000d5580000,0x00000000d7f80000)
  from space 7168K, 99% used [0x00000000d8680000,0x00000000d8d7b898,0x00000000d8d80000)
  to   space 7168K, 0% used [0x00000000d7f80000,0x00000000d7f80000,0x00000000d8680000)
 ParOldGen       total 114688K, used 3484K [0x0000000080000000, 0x0000000087000000, 0x00000000d5580000)
  object space 114688K, 3% used [0x0000000080000000,0x00000000803672c8,0x0000000087000000)
 Metaspace       used 18491K, capacity 19122K, committed 19456K, reserved 1067008K
  class space    used 2549K, capacity 2739K, committed 2816K, reserved 1048576K
}
Event: 6.434 GC heap before
{Heap before GC invocations=5 (full 0):
 PSYoungGen      total 50176K, used 34204K [0x00000000d5580000, 0x00000000d8d80000, 0x0000000100000000)
  eden space 43008K, 62% used [0x00000000d5580000,0x00000000d6feba60,0x00000000d7f80000)
  from space 7168K, 99% used [0x00000000d8680000,0x00000000d8d7b898,0x00000000d8d80000)
  to   space 7168K, 0% used [0x00000000d7f80000,0x00000000d7f80000,0x00000000d8680000)
 ParOldGen       total 114688K, used 3484K [0x0000000080000000, 0x0000000087000000, 0x00000000d5580000)
  object space 114688K, 3% used [0x0000000080000000,0x00000000803672c8,0x0000000087000000)
 Metaspace       used 20483K, capacity 21230K, committed 21296K, reserved 1067008K
  class space    used 2872K, capacity 3097K, committed 3120K, reserved 1048576K
Event: 6.443 GC heap after
Heap after GC invocations=5 (full 0):
 PSYoungGen      total 49152K, used 7162K [0x00000000d5580000, 0x00000000d9580000, 0x0000000100000000)
  eden space 41984K, 0% used [0x00000000d5580000,0x00000000d5580000,0x00000000d7e80000)
  from space 7168K, 99% used [0x00000000d7f80000,0x00000000d867eaa0,0x00000000d8680000)
  to   space 11776K, 0% used [0x00000000d8a00000,0x00000000d8a00000,0x00000000d9580000)
 ParOldGen       total 114688K, used 5370K [0x0000000080000000, 0x0000000087000000, 0x00000000d5580000)
  object space 114688K, 4% used [0x0000000080000000,0x000000008053eba8,0x0000000087000000)
 Metaspace       used 20483K, capacity 21230K, committed 21296K, reserved 1067008K
  class space    used 2872K, capacity 3097K, committed 3120K, reserved 1048576K
}
Event: 6.443 GC heap before
{Heap before GC invocations=6 (full 1):
 PSYoungGen      total 49152K, used 7162K [0x00000000d5580000, 0x00000000d9580000, 0x0000000100000000)
  eden space 41984K, 0% used [0x00000000d5580000,0x00000000d5580000,0x00000000d7e80000)
  from space 7168K, 99% used [0x00000000d7f80000,0x00000000d867eaa0,0x00000000d8680000)
  to   space 11776K, 0% used [0x00000000d8a00000,0x00000000d8a00000,0x00000000d9580000)
 ParOldGen       total 114688K, used 5370K [0x0000000080000000, 0x0000000087000000, 0x00000000d5580000)
  object space 114688K, 4% used [0x0000000080000000,0x000000008053eba8,0x0000000087000000)
 Metaspace       used 20483K, capacity 21230K, committed 21296K, reserved 1067008K
  class space    used 2872K, capacity 3097K, committed 3120K, reserved 1048576K
Event: 6.481 GC heap after
Heap after GC invocations=6 (full 1):
 PSYoungGen      total 49152K, used 0K [0x00000000d5580000, 0x00000000d9580000, 0x0000000100000000)
  eden space 41984K, 0% used [0x00000000d5580000,0x00000000d5580000,0x00000000d7e80000)
  from space 7168K, 0% used [0x00000000d7f80000,0x00000000d7f80000,0x00000000d8680000)
  to   space 11776K, 0% used [0x00000000d8a00000,0x00000000d8a00000,0x00000000d9580000)
 ParOldGen       total 77312K, used 8904K [0x0000000080000000, 0x0000000084b80000, 0x00000000d5580000)
  object space 77312K, 11% used [0x0000000080000000,0x00000000808b2050,0x0000000084b80000)
 Metaspace       used 20483K, capacity 21230K, committed 21296K, reserved 1067008K
  class space    used 2872K, capacity 3097K, committed 3120K, reserved 1048576K
}
Event: 7.293 GC heap before
{Heap before GC invocations=7 (full 1):
 PSYoungGen      total 49152K, used 41984K [0x00000000d5580000, 0x00000000d9580000, 0x0000000100000000)
  eden space 41984K, 100% used [0x00000000d5580000,0x00000000d7e80000,0x00000000d7e80000)
  from space 7168K, 0% used [0x00000000d7f80000,0x00000000d7f80000,0x00000000d8680000)
  to   space 11776K, 0% used [0x00000000d8a00000,0x00000000d8a00000,0x00000000d9580000)
 ParOldGen       total 77312K, used 8904K [0x0000000080000000, 0x0000000084b80000, 0x00000000d5580000)
  object space 77312K, 11% used [0x0000000080000000,0x00000000808b2050,0x0000000084b80000)
 Metaspace       used 23232K, capacity 24050K, committed 24368K, reserved 1071104K
  class space    used 3324K, capacity 3589K, committed 3632K, reserved 1048576K
Event: 7.296 GC heap after
Heap after GC invocations=7 (full 1):
 PSYoungGen      total 53760K, used 3644K [0x00000000d5580000, 0x00000000da900000, 0x0000000100000000)
  eden space 41984K, 0% used [0x00000000d5580000,0x00000000d5580000,0x00000000d7e80000)
  from space 11776K, 30% used [0x00000000d8a00000,0x00000000d8d8f3d0,0x00000000d9580000)
  to   space 11776K, 0% used [0x00000000d7e80000,0x00000000d7e80000,0x00000000d8a00000)
 ParOldGen       total 77312K, used 8912K [0x0000000080000000, 0x0000000084b80000, 0x00000000d5580000)
  object space 77312K, 11% used [0x0000000080000000,0x00000000808b4050,0x0000000084b80000)
 Metaspace       used 23232K, capacity 24050K, committed 24368K, reserved 1071104K
  class space    used 3324K, capacity 3589K, committed 3632K, reserved 1048576K
}
Event: 8.596 GC heap before
{Heap before GC invocations=8 (full 1):
 PSYoungGen      total 53760K, used 45628K [0x00000000d5580000, 0x00000000da900000, 0x0000000100000000)
  eden space 41984K, 100% used [0x00000000d5580000,0x00000000d7e80000,0x00000000d7e80000)
  from space 11776K, 30% used [0x00000000d8a00000,0x00000000d8d8f3d0,0x00000000d9580000)
  to   space 11776K, 0% used [0x00000000d7e80000,0x00000000d7e80000,0x00000000d8a00000)
 ParOldGen       total 77312K, used 8912K [0x0000000080000000, 0x0000000084b80000, 0x00000000d5580000)
  object space 77312K, 11% used [0x0000000080000000,0x00000000808b4050,0x0000000084b80000)
 Metaspace       used 30040K, capacity 30802K, committed 31024K, reserved 1075200K
  class space    used 4032K, capacity 4276K, committed 4400K, reserved 1048576K
Event: 8.605 GC heap after
Heap after GC invocations=8 (full 1):
 PSYoungGen      total 53760K, used 6954K [0x00000000d5580000, 0x00000000da880000, 0x0000000100000000)
  eden space 41984K, 0% used [0x00000000d5580000,0x00000000d5580000,0x00000000d7e80000)
  from space 11776K, 59% used [0x00000000d7e80000,0x00000000d854a800,0x00000000d8a00000)
  to   space 11264K, 0% used [0x00000000d9d80000,0x00000000d9d80000,0x00000000da880000)
 ParOldGen       total 77312K, used 8920K [0x0000000080000000, 0x0000000084b80000, 0x00000000d5580000)
  object space 77312K, 11% used [0x0000000080000000,0x00000000808b6050,0x0000000084b80000)
 Metaspace       used 30040K, capacity 30802K, committed 31024K, reserved 1075200K
  class space    used 4032K, capacity 4276K, committed 4400K, reserved 1048576K
}

