# JRE version: OpenJDK Runtime Environment (8.0_242-b01) (build 1.8.0_242-release-1644-b01)
# Java VM: OpenJDK 64-Bit Server VM (25.242-b01 mixed mode windows-amd64 compressed oops)
Heap:
 PSYoungGen      total 329216K, used 298089K [0x00000000d5580000, 0x00000000f0c80000, 0x0000000100000000)
  eden space 305664K, 89% used [0x00000000d5580000,0x00000000e619db50,0x00000000e8000000)
  from space 23552K, 99% used [0x00000000e8000000,0x00000000e96fcbe8,0x00000000e9700000)
  to   space 32768K, 0% used [0x00000000eec80000,0x00000000eec80000,0x00000000f0c80000)
 ParOldGen       total 147968K, used 50380K [0x0000000080000000, 0x0000000089080000, 0x00000000d5580000)
  object space 147968K, 34% used [0x0000000080000000,0x0000000083133008,0x0000000089080000)
 Metaspace       used 89525K, capacity 94763K, committed 95000K, reserved 1130496K
  class space    used 12140K, capacity 13079K, committed 13096K, reserved 1048576K
GC Heap History (10 events):
Event: 12.972 GC heap before
{Heap before GC invocations=10 (full 2):
 PSYoungGen      total 181760K, used 169472K [0x00000000d5580000, 0x00000000e5f80000, 0x0000000100000000)
  eden space 169472K, 100% used [0x00000000d5580000,0x00000000dfb00000,0x00000000dfb00000)
  from space 12288K, 0% used [0x00000000dfb00000,0x00000000dfb00000,0x00000000e0700000)
  to   space 13824K, 0% used [0x00000000e5200000,0x00000000e5200000,0x00000000e5f80000)
 ParOldGen       total 102400K, used 17692K [0x0000000080000000, 0x0000000086400000, 0x00000000d5580000)
  object space 102400K, 17% used [0x0000000080000000,0x0000000081147338,0x0000000086400000)
 Metaspace       used 49859K, capacity 51570K, committed 51880K, reserved 1093632K
  class space    used 6633K, capacity 7029K, committed 7080K, reserved 1048576K
Event: 12.997 GC heap after
Heap after GC invocations=10 (full 2):
 PSYoungGen      total 253952K, used 13808K [0x00000000d5580000, 0x00000000e6a00000, 0x0000000100000000)
  eden space 240128K, 0% used [0x00000000d5580000,0x00000000d5580000,0x00000000e4000000)
  from space 13824K, 99% used [0x00000000e5200000,0x00000000e5f7c068,0x00000000e5f80000)
  to   space 18432K, 0% used [0x00000000e4000000,0x00000000e4000000,0x00000000e5200000)
 ParOldGen       total 102400K, used 24339K [0x0000000080000000, 0x0000000086400000, 0x00000000d5580000)
  object space 102400K, 23% used [0x0000000080000000,0x00000000817c4d30,0x0000000086400000)
 Metaspace       used 49859K, capacity 51570K, committed 51880K, reserved 1093632K
  class space    used 6633K, capacity 7029K, committed 7080K, reserved 1048576K
}
Event: 14.482 GC heap before
{Heap before GC invocations=11 (full 2):
 PSYoungGen      total 253952K, used 116023K [0x00000000d5580000, 0x00000000e6a00000, 0x0000000100000000)
  eden space 240128K, 42% used [0x00000000d5580000,0x00000000db951cb0,0x00000000e4000000)
  from space 13824K, 99% used [0x00000000e5200000,0x00000000e5f7c068,0x00000000e5f80000)
  to   space 18432K, 0% used [0x00000000e4000000,0x00000000e4000000,0x00000000e5200000)
 ParOldGen       total 102400K, used 24339K [0x0000000080000000, 0x0000000086400000, 0x00000000d5580000)
  object space 102400K, 23% used [0x0000000080000000,0x00000000817c4d30,0x0000000086400000)
 Metaspace       used 56944K, capacity 59099K, committed 59160K, reserved 1099776K
  class space    used 7701K, capacity 8171K, committed 8232K, reserved 1048576K
Event: 14.514 GC heap after
Heap after GC invocations=11 (full 2):
 PSYoungGen      total 258560K, used 18401K [0x00000000d5580000, 0x00000000ead00000, 0x0000000100000000)
  eden space 240128K, 0% used [0x00000000d5580000,0x00000000d5580000,0x00000000e4000000)
  from space 18432K, 99% used [0x00000000e4000000,0x00000000e51f8760,0x00000000e5200000)
  to   space 22528K, 0% used [0x00000000e9700000,0x00000000e9700000,0x00000000ead00000)
 ParOldGen       total 102400K, used 27765K [0x0000000080000000, 0x0000000086400000, 0x00000000d5580000)
  object space 102400K, 27% used [0x0000000080000000,0x0000000081b1d768,0x0000000086400000)
 Metaspace       used 56944K, capacity 59099K, committed 59160K, reserved 1099776K
  class space    used 7701K, capacity 8171K, committed 8232K, reserved 1048576K
}
Event: 14.514 GC heap before
{Heap before GC invocations=12 (full 3):
 PSYoungGen      total 258560K, used 18401K [0x00000000d5580000, 0x00000000ead00000, 0x0000000100000000)
  eden space 240128K, 0% used [0x00000000d5580000,0x00000000d5580000,0x00000000e4000000)
  from space 18432K, 99% used [0x00000000e4000000,0x00000000e51f8760,0x00000000e5200000)
  to   space 22528K, 0% used [0x00000000e9700000,0x00000000e9700000,0x00000000ead00000)
 ParOldGen       total 102400K, used 27765K [0x0000000080000000, 0x0000000086400000, 0x00000000d5580000)
  object space 102400K, 27% used [0x0000000080000000,0x0000000081b1d768,0x0000000086400000)
 Metaspace       used 56944K, capacity 59099K, committed 59160K, reserved 1099776K
  class space    used 7701K, capacity 8171K, committed 8232K, reserved 1048576K
Event: 14.705 GC heap after
Heap after GC invocations=12 (full 3):
 PSYoungGen      total 258560K, used 0K [0x00000000d5580000, 0x00000000ead00000, 0x0000000100000000)
  eden space 240128K, 0% used [0x00000000d5580000,0x00000000d5580000,0x00000000e4000000)
  from space 18432K, 0% used [0x00000000e4000000,0x00000000e4000000,0x00000000e5200000)
  to   space 22528K, 0% used [0x00000000e9700000,0x00000000e9700000,0x00000000ead00000)
 ParOldGen       total 147968K, used 34254K [0x0000000080000000, 0x0000000089080000, 0x00000000d5580000)
  object space 147968K, 23% used [0x0000000080000000,0x00000000821738a8,0x0000000089080000)
 Metaspace       used 56916K, capacity 59003K, committed 59160K, reserved 1099776K
  class space    used 7693K, capacity 8155K, committed 8232K, reserved 1048576K
}
Event: 18.376 GC heap before
{Heap before GC invocations=13 (full 3):
 PSYoungGen      total 258560K, used 240128K [0x00000000d5580000, 0x00000000ead00000, 0x0000000100000000)
  eden space 240128K, 100% used [0x00000000d5580000,0x00000000e4000000,0x00000000e4000000)
  from space 18432K, 0% used [0x00000000e4000000,0x00000000e4000000,0x00000000e5200000)
  to   space 22528K, 0% used [0x00000000e9700000,0x00000000e9700000,0x00000000ead00000)
 ParOldGen       total 147968K, used 34254K [0x0000000080000000, 0x0000000089080000, 0x00000000d5580000)
  object space 147968K, 23% used [0x0000000080000000,0x00000000821738a8,0x0000000089080000)
 Metaspace       used 65989K, capacity 69623K, committed 69784K, reserved 1110016K
  class space    used 9105K, capacity 9831K, committed 9896K, reserved 1048576K
Event: 18.479 GC heap after
Heap after GC invocations=13 (full 3):
 PSYoungGen      total 328192K, used 17614K [0x00000000d5580000, 0x00000000eb400000, 0x0000000100000000)
  eden space 305664K, 0% used [0x00000000d5580000,0x00000000d5580000,0x00000000e8000000)
  from space 22528K, 78% used [0x00000000e9700000,0x00000000ea833a58,0x00000000ead00000)
  to   space 23552K, 0% used [0x00000000e8000000,0x00000000e8000000,0x00000000e9700000)
 ParOldGen       total 147968K, used 34262K [0x0000000080000000, 0x0000000089080000, 0x00000000d5580000)
  object space 147968K, 23% used [0x0000000080000000,0x00000000821758a8,0x0000000089080000)
 Metaspace       used 65989K, capacity 69623K, committed 69784K, reserved 1110016K
  class space    used 9105K, capacity 9831K, committed 9896K, reserved 1048576K
}
Event: 113.268 GC heap before
{Heap before GC invocations=14 (full 3):
 PSYoungGen      total 328192K, used 323278K [0x00000000d5580000, 0x00000000eb400000, 0x0000000100000000)
  eden space 305664K, 100% used [0x00000000d5580000,0x00000000e8000000,0x00000000e8000000)
  from space 22528K, 78% used [0x00000000e9700000,0x00000000ea833a58,0x00000000ead00000)
  to   space 23552K, 0% used [0x00000000e8000000,0x00000000e8000000,0x00000000e9700000)
 ParOldGen       total 147968K, used 34262K [0x0000000080000000, 0x0000000089080000, 0x00000000d5580000)
  object space 147968K, 23% used [0x0000000080000000,0x00000000821758a8,0x0000000089080000)
 Metaspace       used 87910K, capacity 92905K, committed 93208K, reserved 1130496K
  class space    used 12093K, capacity 13004K, committed 13096K, reserved 1048576K
Event: 113.367 GC heap after
Heap after GC invocations=14 (full 3):
 PSYoungGen      total 329216K, used 23538K [0x00000000d5580000, 0x00000000f0c80000, 0x0000000100000000)
  eden space 305664K, 0% used [0x00000000d5580000,0x00000000d5580000,0x00000000e8000000)
  from space 23552K, 99% used [0x00000000e8000000,0x00000000e96fcbe8,0x00000000e9700000)
  to   space 32768K, 0% used [0x00000000eec80000,0x00000000eec80000,0x00000000f0c80000)
 ParOldGen       total 147968K, used 50380K [0x0000000080000000, 0x0000000089080000, 0x00000000d5580000)
  object space 147968K, 34% used [0x0000000080000000,0x0000000083133008,0x0000000089080000)
 Metaspace       used 87910K, capacity 92905K, committed 93208K, reserved 1130496K
  class space    used 12093K, capacity 13004K, committed 13096K, reserved 1048576K
}

