# JRE version: OpenJDK Runtime Environment (8.0_242-b01) (build 1.8.0_242-release-1644-b01)
# Java VM: OpenJDK 64-Bit Server VM (25.242-b01 mixed mode windows-amd64 compressed oops)
Heap:
 PSYoungGen      total 278528K, used 162811K [0x00000000d5580000, 0x00000000e9c00000, 0x0000000100000000)
  eden space 254464K, 54% used [0x00000000d5580000,0x00000000ddd05508,0x00000000e4e00000)
  from space 24064K, 99% used [0x00000000e4e00000,0x00000000e6579958,0x00000000e6580000)
  to   space 28672K, 0% used [0x00000000e8000000,0x00000000e8000000,0x00000000e9c00000)
 ParOldGen       total 181760K, used 38000K [0x0000000080000000, 0x000000008b180000, 0x00000000d5580000)
  object space 181760K, 20% used [0x0000000080000000,0x000000008251c2f8,0x000000008b180000)
 Metaspace       used 80367K, capacity 84560K, committed 84760K, reserved 1122304K
  class space    used 10993K, capacity 11763K, committed 11816K, reserved 1048576K
GC Heap History (10 events):
Event: 6.387 GC heap before
{Heap before GC invocations=10 (full 2):
 PSYoungGen      total 181760K, used 169472K [0x00000000d5580000, 0x00000000e5000000, 0x0000000100000000)
  eden space 169472K, 100% used [0x00000000d5580000,0x00000000dfb00000,0x00000000dfb00000)
  from space 12288K, 0% used [0x00000000dfb00000,0x00000000dfb00000,0x00000000e0700000)
  to   space 13824K, 0% used [0x00000000e4280000,0x00000000e4280000,0x00000000e5000000)
 ParOldGen       total 118272K, used 17729K [0x0000000080000000, 0x0000000087380000, 0x00000000d5580000)
  object space 118272K, 14% used [0x0000000080000000,0x0000000081150440,0x0000000087380000)
 Metaspace       used 49791K, capacity 51526K, committed 51624K, reserved 1093632K
  class space    used 6627K, capacity 7031K, committed 7080K, reserved 1048576K
Event: 6.403 GC heap after
Heap after GC invocations=10 (full 2):
 PSYoungGen      total 235520K, used 13800K [0x00000000d5580000, 0x00000000e5200000, 0x0000000100000000)
  eden space 221696K, 0% used [0x00000000d5580000,0x00000000d5580000,0x00000000e2e00000)
  from space 13824K, 99% used [0x00000000e4280000,0x00000000e4ffa070,0x00000000e5000000)
  to   space 18432K, 0% used [0x00000000e2e00000,0x00000000e2e00000,0x00000000e4000000)
 ParOldGen       total 118272K, used 24270K [0x0000000080000000, 0x0000000087380000, 0x00000000d5580000)
  object space 118272K, 20% used [0x0000000080000000,0x00000000817b3a10,0x0000000087380000)
 Metaspace       used 49791K, capacity 51526K, committed 51624K, reserved 1093632K
  class space    used 6627K, capacity 7031K, committed 7080K, reserved 1048576K
}
Event: 7.455 GC heap before
{Heap before GC invocations=11 (full 2):
 PSYoungGen      total 235520K, used 117228K [0x00000000d5580000, 0x00000000e5200000, 0x0000000100000000)
  eden space 221696K, 46% used [0x00000000d5580000,0x00000000dba81240,0x00000000e2e00000)
  from space 13824K, 99% used [0x00000000e4280000,0x00000000e4ffa070,0x00000000e5000000)
  to   space 18432K, 0% used [0x00000000e2e00000,0x00000000e2e00000,0x00000000e4000000)
 ParOldGen       total 118272K, used 24270K [0x0000000080000000, 0x0000000087380000, 0x00000000d5580000)
  object space 118272K, 20% used [0x0000000080000000,0x00000000817b3a10,0x0000000087380000)
 Metaspace       used 57010K, capacity 59090K, committed 59160K, reserved 1099776K
  class space    used 7715K, capacity 8180K, committed 8232K, reserved 1048576K
Event: 7.468 GC heap after
Heap after GC invocations=11 (full 2):
 PSYoungGen      total 240128K, used 18416K [0x00000000d5580000, 0x00000000e8080000, 0x0000000100000000)
  eden space 221696K, 0% used [0x00000000d5580000,0x00000000d5580000,0x00000000e2e00000)
  from space 18432K, 99% used [0x00000000e2e00000,0x00000000e3ffc0c0,0x00000000e4000000)
  to   space 22016K, 0% used [0x00000000e6b00000,0x00000000e6b00000,0x00000000e8080000)
 ParOldGen       total 118272K, used 27673K [0x0000000080000000, 0x0000000087380000, 0x00000000d5580000)
  object space 118272K, 23% used [0x0000000080000000,0x0000000081b06540,0x0000000087380000)
 Metaspace       used 57010K, capacity 59090K, committed 59160K, reserved 1099776K
  class space    used 7715K, capacity 8180K, committed 8232K, reserved 1048576K
}
Event: 7.468 GC heap before
{Heap before GC invocations=12 (full 3):
 PSYoungGen      total 240128K, used 18416K [0x00000000d5580000, 0x00000000e8080000, 0x0000000100000000)
  eden space 221696K, 0% used [0x00000000d5580000,0x00000000d5580000,0x00000000e2e00000)
  from space 18432K, 99% used [0x00000000e2e00000,0x00000000e3ffc0c0,0x00000000e4000000)
  to   space 22016K, 0% used [0x00000000e6b00000,0x00000000e6b00000,0x00000000e8080000)
 ParOldGen       total 118272K, used 27673K [0x0000000080000000, 0x0000000087380000, 0x00000000d5580000)
  object space 118272K, 23% used [0x0000000080000000,0x0000000081b06540,0x0000000087380000)
 Metaspace       used 57010K, capacity 59090K, committed 59160K, reserved 1099776K
  class space    used 7715K, capacity 8180K, committed 8232K, reserved 1048576K
Event: 7.676 GC heap after
Heap after GC invocations=12 (full 3):
 PSYoungGen      total 240128K, used 0K [0x00000000d5580000, 0x00000000e8080000, 0x0000000100000000)
  eden space 221696K, 0% used [0x00000000d5580000,0x00000000d5580000,0x00000000e2e00000)
  from space 18432K, 0% used [0x00000000e2e00000,0x00000000e2e00000,0x00000000e4000000)
  to   space 22016K, 0% used [0x00000000e6b00000,0x00000000e6b00000,0x00000000e8080000)
 ParOldGen       total 181760K, used 34254K [0x0000000080000000, 0x000000008b180000, 0x00000000d5580000)
  object space 181760K, 18% used [0x0000000080000000,0x0000000082173800,0x000000008b180000)
 Metaspace       used 56979K, capacity 58982K, committed 59160K, reserved 1099776K
  class space    used 7705K, capacity 8162K, committed 8232K, reserved 1048576K
}
Event: 9.619 GC heap before
{Heap before GC invocations=13 (full 3):
 PSYoungGen      total 240128K, used 221696K [0x00000000d5580000, 0x00000000e8080000, 0x0000000100000000)
  eden space 221696K, 100% used [0x00000000d5580000,0x00000000e2e00000,0x00000000e2e00000)
  from space 18432K, 0% used [0x00000000e2e00000,0x00000000e2e00000,0x00000000e4000000)
  to   space 22016K, 0% used [0x00000000e6b00000,0x00000000e6b00000,0x00000000e8080000)
 ParOldGen       total 181760K, used 34254K [0x0000000080000000, 0x000000008b180000, 0x00000000d5580000)
  object space 181760K, 18% used [0x0000000080000000,0x0000000082173800,0x000000008b180000)
 Metaspace       used 65481K, capacity 68882K, committed 69144K, reserved 1107968K
  class space    used 9031K, capacity 9710K, committed 9768K, reserved 1048576K
Event: 9.633 GC heap after
Heap after GC invocations=13 (full 3):
 PSYoungGen      total 268800K, used 18256K [0x00000000d5580000, 0x00000000e7d00000, 0x0000000100000000)
  eden space 250368K, 0% used [0x00000000d5580000,0x00000000d5580000,0x00000000e4a00000)
  from space 18432K, 99% used [0x00000000e6b00000,0x00000000e7cd4138,0x00000000e7d00000)
  to   space 24064K, 0% used [0x00000000e4e00000,0x00000000e4e00000,0x00000000e6580000)
 ParOldGen       total 181760K, used 34262K [0x0000000080000000, 0x000000008b180000, 0x00000000d5580000)
  object space 181760K, 18% used [0x0000000080000000,0x0000000082175800,0x000000008b180000)
 Metaspace       used 65481K, capacity 68882K, committed 69144K, reserved 1107968K
  class space    used 9031K, capacity 9710K, committed 9768K, reserved 1048576K
}
Event: 26.022 GC heap before
{Heap before GC invocations=14 (full 3):
 PSYoungGen      total 268800K, used 268624K [0x00000000d5580000, 0x00000000e7d00000, 0x0000000100000000)
  eden space 250368K, 100% used [0x00000000d5580000,0x00000000e4a00000,0x00000000e4a00000)
  from space 18432K, 99% used [0x00000000e6b00000,0x00000000e7cd4138,0x00000000e7d00000)
  to   space 24064K, 0% used [0x00000000e4e00000,0x00000000e4e00000,0x00000000e6580000)
 ParOldGen       total 181760K, used 34262K [0x0000000080000000, 0x000000008b180000, 0x00000000d5580000)
  object space 181760K, 18% used [0x0000000080000000,0x0000000082175800,0x000000008b180000)
 Metaspace       used 73393K, capacity 77272K, committed 77592K, reserved 1116160K
  class space    used 10032K, capacity 10727K, committed 10792K, reserved 1048576K
Event: 26.046 GC heap after
Heap after GC invocations=14 (full 3):
 PSYoungGen      total 278528K, used 24038K [0x00000000d5580000, 0x00000000e9c00000, 0x0000000100000000)
  eden space 254464K, 0% used [0x00000000d5580000,0x00000000d5580000,0x00000000e4e00000)
  from space 24064K, 99% used [0x00000000e4e00000,0x00000000e6579958,0x00000000e6580000)
  to   space 28672K, 0% used [0x00000000e8000000,0x00000000e8000000,0x00000000e9c00000)
 ParOldGen       total 181760K, used 38000K [0x0000000080000000, 0x000000008b180000, 0x00000000d5580000)
  object space 181760K, 20% used [0x0000000080000000,0x000000008251c2f8,0x000000008b180000)
 Metaspace       used 73393K, capacity 77272K, committed 77592K, reserved 1116160K
  class space    used 10032K, capacity 10727K, committed 10792K, reserved 1048576K
}

