# JRE version: OpenJDK Runtime Environment (8.0_242-b01) (build 1.8.0_242-release-1644-b01)
# Java VM: OpenJDK 64-Bit Server VM (25.242-b01 mixed mode windows-amd64 compressed oops)
Heap:
 PSYoungGen      total 250880K, used 217973K [0x00000000d5580000, 0x00000000e8580000, 0x0000000100000000)
  eden space 221696K, 91% used [0x00000000d5580000,0x00000000e1bd4b98,0x00000000e2e00000)
  from space 29184K, 50% used [0x00000000e2e00000,0x00000000e3c889d8,0x00000000e4a80000)
  to   space 27648K, 0% used [0x00000000e6a80000,0x00000000e6a80000,0x00000000e8580000)
 ParOldGen       total 176640K, used 72857K [0x0000000080000000, 0x000000008ac80000, 0x00000000d5580000)
  object space 176640K, 41% used [0x0000000080000000,0x0000000084726630,0x000000008ac80000)
 Metaspace       used 81020K, capacity 86454K, committed 86680K, reserved 1124352K
  class space    used 11185K, capacity 12150K, committed 12200K, reserved 1048576K
GC Heap History (10 events):
Event: 10.168 GC heap before
{Heap before GC invocations=18 (full 3):
 PSYoungGen      total 180736K, used 180708K [0x00000000d5580000, 0x00000000e4380000, 0x0000000100000000)
  eden space 157696K, 100% used [0x00000000d5580000,0x00000000def80000,0x00000000def80000)
  from space 23040K, 99% used [0x00000000e1000000,0x00000000e2679150,0x00000000e2680000)
  to   space 33280K, 0% used [0x00000000def80000,0x00000000def80000,0x00000000e1000000)
 ParOldGen       total 176640K, used 52307K [0x0000000080000000, 0x000000008ac80000, 0x00000000d5580000)
  object space 176640K, 29% used [0x0000000080000000,0x0000000083314c90,0x000000008ac80000)
 Metaspace       used 78829K, capacity 83942K, committed 84120K, reserved 1122304K
  class space    used 10974K, capacity 11862K, committed 11944K, reserved 1048576K
Event: 10.190 GC heap after
Heap after GC invocations=18 (full 3):
 PSYoungGen      total 190976K, used 13379K [0x00000000d5580000, 0x00000000e4e80000, 0x0000000100000000)
  eden space 157696K, 0% used [0x00000000d5580000,0x00000000d5580000,0x00000000def80000)
  from space 33280K, 40% used [0x00000000def80000,0x00000000dfc90c48,0x00000000e1000000)
  to   space 31744K, 0% used [0x00000000e2f80000,0x00000000e2f80000,0x00000000e4e80000)
 ParOldGen       total 176640K, used 72825K [0x0000000080000000, 0x000000008ac80000, 0x00000000d5580000)
  object space 176640K, 41% used [0x0000000080000000,0x000000008471e630,0x000000008ac80000)
 Metaspace       used 78829K, capacity 83942K, committed 84120K, reserved 1122304K
  class space    used 10974K, capacity 11862K, committed 11944K, reserved 1048576K
}
Event: 10.882 GC heap before
{Heap before GC invocations=19 (full 3):
 PSYoungGen      total 190976K, used 170743K [0x00000000d5580000, 0x00000000e4e80000, 0x0000000100000000)
  eden space 157696K, 99% used [0x00000000d5580000,0x00000000def2d300,0x00000000def80000)
  from space 33280K, 40% used [0x00000000def80000,0x00000000dfc90c48,0x00000000e1000000)
  to   space 31744K, 0% used [0x00000000e2f80000,0x00000000e2f80000,0x00000000e4e80000)
 ParOldGen       total 176640K, used 72825K [0x0000000080000000, 0x000000008ac80000, 0x00000000d5580000)
  object space 176640K, 41% used [0x0000000080000000,0x000000008471e630,0x000000008ac80000)
 Metaspace       used 79610K, capacity 84886K, committed 85016K, reserved 1122304K
  class space    used 11090K, capacity 12038K, committed 12072K, reserved 1048576K
Event: 10.902 GC heap after
Heap after GC invocations=19 (full 3):
 PSYoungGen      total 223744K, used 17086K [0x00000000d5580000, 0x00000000e4e80000, 0x0000000100000000)
  eden space 192000K, 0% used [0x00000000d5580000,0x00000000d5580000,0x00000000e1100000)
  from space 31744K, 53% used [0x00000000e2f80000,0x00000000e402fa08,0x00000000e4e80000)
  to   space 31232K, 0% used [0x00000000e1100000,0x00000000e1100000,0x00000000e2f80000)
 ParOldGen       total 176640K, used 72833K [0x0000000080000000, 0x000000008ac80000, 0x00000000d5580000)
  object space 176640K, 41% used [0x0000000080000000,0x0000000084720630,0x000000008ac80000)
 Metaspace       used 79610K, capacity 84886K, committed 85016K, reserved 1122304K
  class space    used 11090K, capacity 12038K, committed 12072K, reserved 1048576K
}
Event: 11.470 GC heap before
{Heap before GC invocations=20 (full 3):
 PSYoungGen      total 223744K, used 209086K [0x00000000d5580000, 0x00000000e4e80000, 0x0000000100000000)
  eden space 192000K, 100% used [0x00000000d5580000,0x00000000e1100000,0x00000000e1100000)
  from space 31744K, 53% used [0x00000000e2f80000,0x00000000e402fa08,0x00000000e4e80000)
  to   space 31232K, 0% used [0x00000000e1100000,0x00000000e1100000,0x00000000e2f80000)
 ParOldGen       total 176640K, used 72833K [0x0000000080000000, 0x000000008ac80000, 0x00000000d5580000)
  object space 176640K, 41% used [0x0000000080000000,0x0000000084720630,0x000000008ac80000)
 Metaspace       used 80260K, capacity 85588K, committed 85912K, reserved 1122304K
  class space    used 11119K, capacity 12085K, committed 12200K, reserved 1048576K
Event: 11.484 GC heap after
Heap after GC invocations=20 (full 3):
 PSYoungGen      total 223232K, used 17441K [0x00000000d5580000, 0x00000000e6880000, 0x0000000100000000)
  eden space 192000K, 0% used [0x00000000d5580000,0x00000000d5580000,0x00000000e1100000)
  from space 31232K, 55% used [0x00000000e1100000,0x00000000e22085e8,0x00000000e2f80000)
  to   space 30720K, 0% used [0x00000000e4a80000,0x00000000e4a80000,0x00000000e6880000)
 ParOldGen       total 176640K, used 72841K [0x0000000080000000, 0x000000008ac80000, 0x00000000d5580000)
  object space 176640K, 41% used [0x0000000080000000,0x0000000084722630,0x000000008ac80000)
 Metaspace       used 80260K, capacity 85588K, committed 85912K, reserved 1122304K
  class space    used 11119K, capacity 12085K, committed 12200K, reserved 1048576K
}
Event: 11.956 GC heap before
{Heap before GC invocations=21 (full 3):
 PSYoungGen      total 223232K, used 209441K [0x00000000d5580000, 0x00000000e6880000, 0x0000000100000000)
  eden space 192000K, 100% used [0x00000000d5580000,0x00000000e1100000,0x00000000e1100000)
  from space 31232K, 55% used [0x00000000e1100000,0x00000000e22085e8,0x00000000e2f80000)
  to   space 30720K, 0% used [0x00000000e4a80000,0x00000000e4a80000,0x00000000e6880000)
 ParOldGen       total 176640K, used 72841K [0x0000000080000000, 0x000000008ac80000, 0x00000000d5580000)
  object space 176640K, 41% used [0x0000000080000000,0x0000000084722630,0x000000008ac80000)
 Metaspace       used 80721K, capacity 86132K, committed 86424K, reserved 1124352K
  class space    used 11170K, capacity 12141K, committed 12200K, reserved 1048576K
Event: 11.973 GC heap after
Heap after GC invocations=21 (full 3):
 PSYoungGen      total 250880K, used 13523K [0x00000000d5580000, 0x00000000e6700000, 0x0000000100000000)
  eden space 221696K, 0% used [0x00000000d5580000,0x00000000d5580000,0x00000000e2e00000)
  from space 29184K, 46% used [0x00000000e4a80000,0x00000000e57b4d38,0x00000000e6700000)
  to   space 29184K, 0% used [0x00000000e2e00000,0x00000000e2e00000,0x00000000e4a80000)
 ParOldGen       total 176640K, used 72849K [0x0000000080000000, 0x000000008ac80000, 0x00000000d5580000)
  object space 176640K, 41% used [0x0000000080000000,0x0000000084724630,0x000000008ac80000)
 Metaspace       used 80721K, capacity 86132K, committed 86424K, reserved 1124352K
  class space    used 11170K, capacity 12141K, committed 12200K, reserved 1048576K
}
Event: 12.489 GC heap before
{Heap before GC invocations=22 (full 3):
 PSYoungGen      total 250880K, used 235219K [0x00000000d5580000, 0x00000000e6700000, 0x0000000100000000)
  eden space 221696K, 100% used [0x00000000d5580000,0x00000000e2e00000,0x00000000e2e00000)
  from space 29184K, 46% used [0x00000000e4a80000,0x00000000e57b4d38,0x00000000e6700000)
  to   space 29184K, 0% used [0x00000000e2e00000,0x00000000e2e00000,0x00000000e4a80000)
 ParOldGen       total 176640K, used 72849K [0x0000000080000000, 0x000000008ac80000, 0x00000000d5580000)
  object space 176640K, 41% used [0x0000000080000000,0x0000000084724630,0x000000008ac80000)
 Metaspace       used 80824K, capacity 86230K, committed 86424K, reserved 1124352K
  class space    used 11180K, capacity 12146K, committed 12200K, reserved 1048576K
Event: 12.503 GC heap after
Heap after GC invocations=22 (full 3):
 PSYoungGen      total 250880K, used 14882K [0x00000000d5580000, 0x00000000e8580000, 0x0000000100000000)
  eden space 221696K, 0% used [0x00000000d5580000,0x00000000d5580000,0x00000000e2e00000)
  from space 29184K, 50% used [0x00000000e2e00000,0x00000000e3c889d8,0x00000000e4a80000)
  to   space 27648K, 0% used [0x00000000e6a80000,0x00000000e6a80000,0x00000000e8580000)
 ParOldGen       total 176640K, used 72857K [0x0000000080000000, 0x000000008ac80000, 0x00000000d5580000)
  object space 176640K, 41% used [0x0000000080000000,0x0000000084726630,0x000000008ac80000)
 Metaspace       used 80824K, capacity 86230K, committed 86424K, reserved 1124352K
  class space    used 11180K, capacity 12146K, committed 12200K, reserved 1048576K
}

