# JRE version: OpenJDK Runtime Environment (8.0_242-b01) (build 1.8.0_242-release-1644-b01)
# Java VM: OpenJDK 64-Bit Server VM (25.242-b01 mixed mode windows-amd64 compressed oops)
Heap:
 PSYoungGen      total 120832K, used 97497K [0x00000000d5580000, 0x00000000ddd80000, 0x0000000100000000)
  eden space 102400K, 81% used [0x00000000d5580000,0x00000000da735190,0x00000000db980000)
  from space 18432K, 75% used [0x00000000db980000,0x00000000dc7012e8,0x00000000dcb80000)
  to   space 10240K, 0% used [0x00000000dd380000,0x00000000dd380000,0x00000000ddd80000)
 ParOldGen       total 123392K, used 33808K [0x0000000080000000, 0x0000000087880000, 0x00000000d5580000)
  object space 123392K, 27% used [0x0000000080000000,0x0000000082104250,0x0000000087880000)
 Metaspace       used 67072K, capacity 70732K, committed 70936K, reserved 1110016K
  class space    used 9218K, capacity 9907K, committed 10024K, reserved 1048576K
GC Heap History (10 events):
Event: 24.625 GC heap before
{Heap before GC invocations=14 (full 2):
 PSYoungGen      total 88576K, used 87668K [0x00000000d5580000, 0x00000000dc800000, 0x0000000100000000)
  eden space 76800K, 100% used [0x00000000d5580000,0x00000000da080000,0x00000000da080000)
  from space 11776K, 92% used [0x00000000da080000,0x00000000dab1d350,0x00000000dac00000)
  to   space 12800K, 0% used [0x00000000dbb80000,0x00000000dbb80000,0x00000000dc800000)
 ParOldGen       total 123392K, used 16906K [0x0000000080000000, 0x0000000087880000, 0x00000000d5580000)
  object space 123392K, 13% used [0x0000000080000000,0x0000000081082a40,0x0000000087880000)
 Metaspace       used 51941K, capacity 53834K, committed 53928K, reserved 1095680K
  class space    used 6919K, capacity 7332K, committed 7336K, reserved 1048576K
Event: 24.641 GC heap after
Heap after GC invocations=14 (full 2):
 PSYoungGen      total 101888K, used 12771K [0x00000000d5580000, 0x00000000dcd80000, 0x0000000100000000)
  eden space 89088K, 0% used [0x00000000d5580000,0x00000000d5580000,0x00000000dac80000)
  from space 12800K, 99% used [0x00000000dbb80000,0x00000000dc7f8d08,0x00000000dc800000)
  to   space 15360K, 0% used [0x00000000dac80000,0x00000000dac80000,0x00000000dbb80000)
 ParOldGen       total 123392K, used 20072K [0x0000000080000000, 0x0000000087880000, 0x00000000d5580000)
  object space 123392K, 16% used [0x0000000080000000,0x000000008139a120,0x0000000087880000)
 Metaspace       used 51941K, capacity 53834K, committed 53928K, reserved 1095680K
  class space    used 6919K, capacity 7332K, committed 7336K, reserved 1048576K
}
Event: 26.509 GC heap before
{Heap before GC invocations=15 (full 2):
 PSYoungGen      total 101888K, used 86085K [0x00000000d5580000, 0x00000000dcd80000, 0x0000000100000000)
  eden space 89088K, 82% used [0x00000000d5580000,0x00000000d9d18728,0x00000000dac80000)
  from space 12800K, 99% used [0x00000000dbb80000,0x00000000dc7f8d08,0x00000000dc800000)
  to   space 15360K, 0% used [0x00000000dac80000,0x00000000dac80000,0x00000000dbb80000)
 ParOldGen       total 123392K, used 20072K [0x0000000080000000, 0x0000000087880000, 0x00000000d5580000)
  object space 123392K, 16% used [0x0000000080000000,0x000000008139a120,0x0000000087880000)
 Metaspace       used 56814K, capacity 59010K, committed 59160K, reserved 1099776K
  class space    used 7688K, capacity 8141K, committed 8232K, reserved 1048576K
Event: 26.529 GC heap after
Heap after GC invocations=15 (full 2):
 PSYoungGen      total 104448K, used 15340K [0x00000000d5580000, 0x00000000de600000, 0x0000000100000000)
  eden space 89088K, 0% used [0x00000000d5580000,0x00000000d5580000,0x00000000dac80000)
  from space 15360K, 99% used [0x00000000dac80000,0x00000000dbb7b310,0x00000000dbb80000)
  to   space 18944K, 0% used [0x00000000dd380000,0x00000000dd380000,0x00000000de600000)
 ParOldGen       total 123392K, used 24037K [0x0000000080000000, 0x0000000087880000, 0x00000000d5580000)
  object space 123392K, 19% used [0x0000000080000000,0x0000000081779660,0x0000000087880000)
 Metaspace       used 56814K, capacity 59010K, committed 59160K, reserved 1099776K
  class space    used 7688K, capacity 8141K, committed 8232K, reserved 1048576K
}
Event: 26.529 GC heap before
{Heap before GC invocations=16 (full 3):
 PSYoungGen      total 104448K, used 15340K [0x00000000d5580000, 0x00000000de600000, 0x0000000100000000)
  eden space 89088K, 0% used [0x00000000d5580000,0x00000000d5580000,0x00000000dac80000)
  from space 15360K, 99% used [0x00000000dac80000,0x00000000dbb7b310,0x00000000dbb80000)
  to   space 18944K, 0% used [0x00000000dd380000,0x00000000dd380000,0x00000000de600000)
 ParOldGen       total 123392K, used 24037K [0x0000000080000000, 0x0000000087880000, 0x00000000d5580000)
  object space 123392K, 19% used [0x0000000080000000,0x0000000081779660,0x0000000087880000)
 Metaspace       used 56814K, capacity 59010K, committed 59160K, reserved 1099776K
  class space    used 7688K, capacity 8141K, committed 8232K, reserved 1048576K
Event: 26.943 GC heap after
Heap after GC invocations=16 (full 3):
 PSYoungGen      total 104448K, used 0K [0x00000000d5580000, 0x00000000de600000, 0x0000000100000000)
  eden space 89088K, 0% used [0x00000000d5580000,0x00000000d5580000,0x00000000dac80000)
  from space 15360K, 0% used [0x00000000dac80000,0x00000000dac80000,0x00000000dbb80000)
  to   space 18944K, 0% used [0x00000000dd380000,0x00000000dd380000,0x00000000de600000)
 ParOldGen       total 123392K, used 33792K [0x0000000080000000, 0x0000000087880000, 0x00000000d5580000)
  object space 123392K, 27% used [0x0000000080000000,0x0000000082100250,0x0000000087880000)
 Metaspace       used 56800K, capacity 58962K, committed 59160K, reserved 1099776K
  class space    used 7683K, capacity 8133K, committed 8232K, reserved 1048576K
}
Event: 30.452 GC heap before
{Heap before GC invocations=17 (full 3):
 PSYoungGen      total 104448K, used 89088K [0x00000000d5580000, 0x00000000de600000, 0x0000000100000000)
  eden space 89088K, 100% used [0x00000000d5580000,0x00000000dac80000,0x00000000dac80000)
  from space 15360K, 0% used [0x00000000dac80000,0x00000000dac80000,0x00000000dbb80000)
  to   space 18944K, 0% used [0x00000000dd380000,0x00000000dd380000,0x00000000de600000)
 ParOldGen       total 123392K, used 33792K [0x0000000080000000, 0x0000000087880000, 0x00000000d5580000)
  object space 123392K, 27% used [0x0000000080000000,0x0000000082100250,0x0000000087880000)
 Metaspace       used 60920K, capacity 63142K, committed 63384K, reserved 1103872K
  class space    used 8290K, capacity 8755K, committed 8872K, reserved 1048576K
Event: 30.461 GC heap after
Heap after GC invocations=17 (full 3):
 PSYoungGen      total 112640K, used 6342K [0x00000000d5580000, 0x00000000ddd80000, 0x0000000100000000)
  eden space 102400K, 0% used [0x00000000d5580000,0x00000000d5580000,0x00000000db980000)
  from space 10240K, 61% used [0x00000000dd380000,0x00000000dd9b1b30,0x00000000ddd80000)
  to   space 18432K, 0% used [0x00000000db980000,0x00000000db980000,0x00000000dcb80000)
 ParOldGen       total 123392K, used 33800K [0x0000000080000000, 0x0000000087880000, 0x00000000d5580000)
  object space 123392K, 27% used [0x0000000080000000,0x0000000082102250,0x0000000087880000)
 Metaspace       used 60920K, capacity 63142K, committed 63384K, reserved 1103872K
  class space    used 8290K, capacity 8755K, committed 8872K, reserved 1048576K
}
Event: 33.513 GC heap before
{Heap before GC invocations=18 (full 3):
 PSYoungGen      total 112640K, used 108742K [0x00000000d5580000, 0x00000000ddd80000, 0x0000000100000000)
  eden space 102400K, 100% used [0x00000000d5580000,0x00000000db980000,0x00000000db980000)
  from space 10240K, 61% used [0x00000000dd380000,0x00000000dd9b1b30,0x00000000ddd80000)
  to   space 18432K, 0% used [0x00000000db980000,0x00000000db980000,0x00000000dcb80000)
 ParOldGen       total 123392K, used 33800K [0x0000000080000000, 0x0000000087880000, 0x00000000d5580000)
  object space 123392K, 27% used [0x0000000080000000,0x0000000082102250,0x0000000087880000)
 Metaspace       used 65992K, capacity 69582K, committed 69784K, reserved 1110016K
  class space    used 9127K, capacity 9772K, committed 9896K, reserved 1048576K
Event: 33.521 GC heap after
Heap after GC invocations=18 (full 3):
 PSYoungGen      total 120832K, used 13828K [0x00000000d5580000, 0x00000000ddd80000, 0x0000000100000000)
  eden space 102400K, 0% used [0x00000000d5580000,0x00000000d5580000,0x00000000db980000)
  from space 18432K, 75% used [0x00000000db980000,0x00000000dc7012e8,0x00000000dcb80000)
  to   space 10240K, 0% used [0x00000000dd380000,0x00000000dd380000,0x00000000ddd80000)
 ParOldGen       total 123392K, used 33808K [0x0000000080000000, 0x0000000087880000, 0x00000000d5580000)
  object space 123392K, 27% used [0x0000000080000000,0x0000000082104250,0x0000000087880000)
 Metaspace       used 65992K, capacity 69582K, committed 69784K, reserved 1110016K
  class space    used 9127K, capacity 9772K, committed 9896K, reserved 1048576K
}

