# JRE version: OpenJDK Runtime Environment (8.0_242-b01) (build 1.8.0_242-release-1644-b01)
# Java VM: OpenJDK 64-Bit Server VM (25.242-b01 mixed mode windows-amd64 compressed oops)
Heap:
 PSYoungGen      total 286720K, used 49517K [0x00000000d5580000, 0x00000000ec380000, 0x0000000100000000)
  eden space 262656K, 9% used [0x00000000d5580000,0x00000000d6e61308,0x00000000e5600000)
  from space 24064K, 99% used [0x00000000e5600000,0x00000000e6d7a150,0x00000000e6d80000)
  to   space 37888K, 0% used [0x00000000e9e80000,0x00000000e9e80000,0x00000000ec380000)
 ParOldGen       total 178176K, used 63135K [0x0000000080000000, 0x000000008ae00000, 0x00000000d5580000)
  object space 178176K, 35% used [0x0000000080000000,0x0000000083da7c90,0x000000008ae00000)
 Metaspace       used 77130K, capacity 81812K, committed 82072K, reserved 1120256K
  class space    used 10738K, capacity 11575K, committed 11688K, reserved 1048576K
GC Heap History (10 events):
Event: 5.328 GC heap before
{Heap before GC invocations=10 (full 2):
 PSYoungGen      total 181760K, used 169472K [0x00000000d5580000, 0x00000000e4f00000, 0x0000000100000000)
  eden space 169472K, 100% used [0x00000000d5580000,0x00000000dfb00000,0x00000000dfb00000)
  from space 12288K, 0% used [0x00000000dfb00000,0x00000000dfb00000,0x00000000e0700000)
  to   space 13824K, 0% used [0x00000000e4180000,0x00000000e4180000,0x00000000e4f00000)
 ParOldGen       total 116224K, used 17773K [0x0000000080000000, 0x0000000087180000, 0x00000000d5580000)
  object space 116224K, 15% used [0x0000000080000000,0x000000008115b768,0x0000000087180000)
 Metaspace       used 49802K, capacity 51534K, committed 51624K, reserved 1093632K
  class space    used 6625K, capacity 7033K, committed 7080K, reserved 1048576K
Event: 5.341 GC heap after
Heap after GC invocations=10 (full 2):
 PSYoungGen      total 237056K, used 13801K [0x00000000d5580000, 0x00000000e5800000, 0x0000000100000000)
  eden space 223232K, 0% used [0x00000000d5580000,0x00000000d5580000,0x00000000e2f80000)
  from space 13824K, 99% used [0x00000000e4180000,0x00000000e4efa6b8,0x00000000e4f00000)
  to   space 18432K, 0% used [0x00000000e2f80000,0x00000000e2f80000,0x00000000e4180000)
 ParOldGen       total 116224K, used 24208K [0x0000000080000000, 0x0000000087180000, 0x00000000d5580000)
  object space 116224K, 20% used [0x0000000080000000,0x00000000817a40b8,0x0000000087180000)
 Metaspace       used 49802K, capacity 51534K, committed 51624K, reserved 1093632K
  class space    used 6625K, capacity 7033K, committed 7080K, reserved 1048576K
}
Event: 6.232 GC heap before
{Heap before GC invocations=11 (full 2):
 PSYoungGen      total 237056K, used 117366K [0x00000000d5580000, 0x00000000e5800000, 0x0000000100000000)
  eden space 223232K, 46% used [0x00000000d5580000,0x00000000dbaa3488,0x00000000e2f80000)
  from space 13824K, 99% used [0x00000000e4180000,0x00000000e4efa6b8,0x00000000e4f00000)
  to   space 18432K, 0% used [0x00000000e2f80000,0x00000000e2f80000,0x00000000e4180000)
 ParOldGen       total 116224K, used 24208K [0x0000000080000000, 0x0000000087180000, 0x00000000d5580000)
  object space 116224K, 20% used [0x0000000080000000,0x00000000817a40b8,0x0000000087180000)
 Metaspace       used 57025K, capacity 59108K, committed 59160K, reserved 1099776K
  class space    used 7717K, capacity 8183K, committed 8232K, reserved 1048576K
Event: 6.247 GC heap after
Heap after GC invocations=11 (full 2):
 PSYoungGen      total 241664K, used 18418K [0x00000000d5580000, 0x00000000e8800000, 0x0000000100000000)
  eden space 223232K, 0% used [0x00000000d5580000,0x00000000d5580000,0x00000000e2f80000)
  from space 18432K, 99% used [0x00000000e2f80000,0x00000000e417cb38,0x00000000e4180000)
  to   space 22016K, 0% used [0x00000000e7280000,0x00000000e7280000,0x00000000e8800000)
 ParOldGen       total 116224K, used 27650K [0x0000000080000000, 0x0000000087180000, 0x00000000d5580000)
  object space 116224K, 23% used [0x0000000080000000,0x0000000081b00bd8,0x0000000087180000)
 Metaspace       used 57025K, capacity 59108K, committed 59160K, reserved 1099776K
  class space    used 7717K, capacity 8183K, committed 8232K, reserved 1048576K
}
Event: 6.247 GC heap before
{Heap before GC invocations=12 (full 3):
 PSYoungGen      total 241664K, used 18418K [0x00000000d5580000, 0x00000000e8800000, 0x0000000100000000)
  eden space 223232K, 0% used [0x00000000d5580000,0x00000000d5580000,0x00000000e2f80000)
  from space 18432K, 99% used [0x00000000e2f80000,0x00000000e417cb38,0x00000000e4180000)
  to   space 22016K, 0% used [0x00000000e7280000,0x00000000e7280000,0x00000000e8800000)
 ParOldGen       total 116224K, used 27650K [0x0000000080000000, 0x0000000087180000, 0x00000000d5580000)
  object space 116224K, 23% used [0x0000000080000000,0x0000000081b00bd8,0x0000000087180000)
 Metaspace       used 57025K, capacity 59108K, committed 59160K, reserved 1099776K
  class space    used 7717K, capacity 8183K, committed 8232K, reserved 1048576K
Event: 6.448 GC heap after
Heap after GC invocations=12 (full 3):
 PSYoungGen      total 241664K, used 0K [0x00000000d5580000, 0x00000000e8800000, 0x0000000100000000)
  eden space 223232K, 0% used [0x00000000d5580000,0x00000000d5580000,0x00000000e2f80000)
  from space 18432K, 0% used [0x00000000e2f80000,0x00000000e2f80000,0x00000000e4180000)
  to   space 22016K, 0% used [0x00000000e7280000,0x00000000e7280000,0x00000000e8800000)
 ParOldGen       total 178176K, used 34280K [0x0000000080000000, 0x000000008ae00000, 0x00000000d5580000)
  object space 178176K, 19% used [0x0000000080000000,0x000000008217a3e0,0x000000008ae00000)
 Metaspace       used 56988K, capacity 58982K, committed 59160K, reserved 1099776K
  class space    used 7706K, capacity 8162K, committed 8232K, reserved 1048576K
}
Event: 8.041 GC heap before
{Heap before GC invocations=13 (full 3):
 PSYoungGen      total 241664K, used 223232K [0x00000000d5580000, 0x00000000e8800000, 0x0000000100000000)
  eden space 223232K, 100% used [0x00000000d5580000,0x00000000e2f80000,0x00000000e2f80000)
  from space 18432K, 0% used [0x00000000e2f80000,0x00000000e2f80000,0x00000000e4180000)
  to   space 22016K, 0% used [0x00000000e7280000,0x00000000e7280000,0x00000000e8800000)
 ParOldGen       total 178176K, used 34280K [0x0000000080000000, 0x000000008ae00000, 0x00000000d5580000)
  object space 178176K, 19% used [0x0000000080000000,0x000000008217a3e0,0x000000008ae00000)
 Metaspace       used 65575K, capacity 69130K, committed 69400K, reserved 1110016K
  class space    used 9057K, capacity 9742K, committed 9768K, reserved 1048576K
Event: 8.059 GC heap after
Heap after GC invocations=13 (full 3):
 PSYoungGen      total 274944K, used 18550K [0x00000000d5580000, 0x00000000e8500000, 0x0000000100000000)
  eden space 256000K, 0% used [0x00000000d5580000,0x00000000d5580000,0x00000000e4f80000)
  from space 18944K, 97% used [0x00000000e7280000,0x00000000e849da80,0x00000000e8500000)
  to   space 24064K, 0% used [0x00000000e5600000,0x00000000e5600000,0x00000000e6d80000)
 ParOldGen       total 178176K, used 34288K [0x0000000080000000, 0x000000008ae00000, 0x00000000d5580000)
  object space 178176K, 19% used [0x0000000080000000,0x000000008217c3e0,0x000000008ae00000)
 Metaspace       used 65575K, capacity 69130K, committed 69400K, reserved 1110016K
  class space    used 9057K, capacity 9742K, committed 9768K, reserved 1048576K
}
Event: 9.320 GC heap before
{Heap before GC invocations=14 (full 3):
 PSYoungGen      total 274944K, used 274550K [0x00000000d5580000, 0x00000000e8500000, 0x0000000100000000)
  eden space 256000K, 100% used [0x00000000d5580000,0x00000000e4f80000,0x00000000e4f80000)
  from space 18944K, 97% used [0x00000000e7280000,0x00000000e849da80,0x00000000e8500000)
  to   space 24064K, 0% used [0x00000000e5600000,0x00000000e5600000,0x00000000e6d80000)
 ParOldGen       total 178176K, used 34288K [0x0000000080000000, 0x000000008ae00000, 0x00000000d5580000)
  object space 178176K, 19% used [0x0000000080000000,0x000000008217c3e0,0x000000008ae00000)
 Metaspace       used 76418K, capacity 81018K, committed 81176K, reserved 1118208K
  class space    used 10628K, capacity 11466K, committed 11560K, reserved 1048576K
Event: 9.353 GC heap after
Heap after GC invocations=14 (full 3):
 PSYoungGen      total 286720K, used 24040K [0x00000000d5580000, 0x00000000ec380000, 0x0000000100000000)
  eden space 262656K, 0% used [0x00000000d5580000,0x00000000d5580000,0x00000000e5600000)
  from space 24064K, 99% used [0x00000000e5600000,0x00000000e6d7a150,0x00000000e6d80000)
  to   space 37888K, 0% used [0x00000000e9e80000,0x00000000e9e80000,0x00000000ec380000)
 ParOldGen       total 178176K, used 63135K [0x0000000080000000, 0x000000008ae00000, 0x00000000d5580000)
  object space 178176K, 35% used [0x0000000080000000,0x0000000083da7c90,0x000000008ae00000)
 Metaspace       used 76418K, capacity 81018K, committed 81176K, reserved 1118208K
  class space    used 10628K, capacity 11466K, committed 11560K, reserved 1048576K
}

