# JRE version: OpenJDK Runtime Environment (8.0_242-b01) (build 1.8.0_242-release-1644-b01)
# Java VM: OpenJDK 64-Bit Server VM (25.242-b01 mixed mode windows-amd64 compressed oops)
Heap:
 PSYoungGen      total 210432K, used 74677K [0x00000000d5580000, 0x00000000e5080000, 0x0000000100000000)
  eden space 189440K, 28% used [0x00000000d5580000,0x00000000d89ef670,0x00000000e0e80000)
  from space 20992K, 99% used [0x00000000e0e80000,0x00000000e22fe110,0x00000000e2300000)
  to   space 24576K, 0% used [0x00000000e3880000,0x00000000e3880000,0x00000000e5080000)
 ParOldGen       total 156160K, used 31477K [0x0000000080000000, 0x0000000089880000, 0x00000000d5580000)
  object space 156160K, 20% used [0x0000000080000000,0x0000000081ebd450,0x0000000089880000)
 Metaspace       used 71855K, capacity 74642K, committed 74800K, reserved 1114112K
  class space    used 9600K, capacity 10178K, committed 10288K, reserved 1048576K
GC Heap History (10 events):
Event: 21.670 GC heap before
{Heap before GC invocations=12 (full 2):
 PSYoungGen      total 131584K, used 131566K [0x00000000d5580000, 0x00000000e0380000, 0x0000000100000000)
  eden space 118272K, 100% used [0x00000000d5580000,0x00000000dc900000,0x00000000dc900000)
  from space 13312K, 99% used [0x00000000dc900000,0x00000000dd5fb9e8,0x00000000dd600000)
  to   space 14848K, 0% used [0x00000000df500000,0x00000000df500000,0x00000000e0380000)
 ParOldGen       total 106496K, used 18084K [0x0000000080000000, 0x0000000086800000, 0x00000000d5580000)
  object space 106496K, 16% used [0x0000000080000000,0x00000000811a9288,0x0000000086800000)
 Metaspace       used 55219K, capacity 57072K, committed 57136K, reserved 1099776K
  class space    used 7270K, capacity 7707K, committed 7728K, reserved 1048576K
Event: 21.719 GC heap after
Heap after GC invocations=12 (full 2):
 PSYoungGen      total 159232K, used 14842K [0x00000000d5580000, 0x00000000e0c00000, 0x0000000100000000)
  eden space 144384K, 0% used [0x00000000d5580000,0x00000000d5580000,0x00000000de280000)
  from space 14848K, 99% used [0x00000000df500000,0x00000000e037eb08,0x00000000e0380000)
  to   space 18944K, 0% used [0x00000000de280000,0x00000000de280000,0x00000000df500000)
 ParOldGen       total 106496K, used 23572K [0x0000000080000000, 0x0000000086800000, 0x00000000d5580000)
  object space 106496K, 22% used [0x0000000080000000,0x00000000817053f8,0x0000000086800000)
 Metaspace       used 55219K, capacity 57072K, committed 57136K, reserved 1099776K
  class space    used 7270K, capacity 7707K, committed 7728K, reserved 1048576K
}
Event: 22.586 GC heap before
{Heap before GC invocations=13 (full 2):
 PSYoungGen      total 159232K, used 28661K [0x00000000d5580000, 0x00000000e0c00000, 0x0000000100000000)
  eden space 144384K, 9% used [0x00000000d5580000,0x00000000d62fe9a8,0x00000000de280000)
  from space 14848K, 99% used [0x00000000df500000,0x00000000e037eb08,0x00000000e0380000)
  to   space 18944K, 0% used [0x00000000de280000,0x00000000de280000,0x00000000df500000)
 ParOldGen       total 106496K, used 23572K [0x0000000080000000, 0x0000000086800000, 0x00000000d5580000)
  object space 106496K, 22% used [0x0000000080000000,0x00000000817053f8,0x0000000086800000)
 Metaspace       used 57098K, capacity 59098K, committed 59160K, reserved 1099776K
  class space    used 7604K, capacity 8050K, committed 8112K, reserved 1048576K
Event: 22.644 GC heap after
Heap after GC invocations=13 (full 2):
 PSYoungGen      total 163328K, used 2190K [0x00000000d5580000, 0x00000000e3a80000, 0x0000000100000000)
  eden space 144384K, 0% used [0x00000000d5580000,0x00000000d5580000,0x00000000de280000)
  from space 18944K, 11% used [0x00000000de280000,0x00000000de4a3be0,0x00000000df500000)
  to   space 19456K, 0% used [0x00000000e2780000,0x00000000e2780000,0x00000000e3a80000)
 ParOldGen       total 106496K, used 37570K [0x0000000080000000, 0x0000000086800000, 0x00000000d5580000)
  object space 106496K, 35% used [0x0000000080000000,0x00000000824b0a60,0x0000000086800000)
 Metaspace       used 57098K, capacity 59098K, committed 59160K, reserved 1099776K
  class space    used 7604K, capacity 8050K, committed 8112K, reserved 1048576K
}
Event: 22.644 GC heap before
{Heap before GC invocations=14 (full 3):
 PSYoungGen      total 163328K, used 2190K [0x00000000d5580000, 0x00000000e3a80000, 0x0000000100000000)
  eden space 144384K, 0% used [0x00000000d5580000,0x00000000d5580000,0x00000000de280000)
  from space 18944K, 11% used [0x00000000de280000,0x00000000de4a3be0,0x00000000df500000)
  to   space 19456K, 0% used [0x00000000e2780000,0x00000000e2780000,0x00000000e3a80000)
 ParOldGen       total 106496K, used 37570K [0x0000000080000000, 0x0000000086800000, 0x00000000d5580000)
  object space 106496K, 35% used [0x0000000080000000,0x00000000824b0a60,0x0000000086800000)
 Metaspace       used 57098K, capacity 59098K, committed 59160K, reserved 1099776K
  class space    used 7604K, capacity 8050K, committed 8112K, reserved 1048576K
Event: 23.488 GC heap after
Heap after GC invocations=14 (full 3):
 PSYoungGen      total 163328K, used 0K [0x00000000d5580000, 0x00000000e3a80000, 0x0000000100000000)
  eden space 144384K, 0% used [0x00000000d5580000,0x00000000d5580000,0x00000000de280000)
  from space 18944K, 0% used [0x00000000de280000,0x00000000de280000,0x00000000df500000)
  to   space 19456K, 0% used [0x00000000e2780000,0x00000000e2780000,0x00000000e3a80000)
 ParOldGen       total 156160K, used 29441K [0x0000000080000000, 0x0000000089880000, 0x00000000d5580000)
  object space 156160K, 18% used [0x0000000080000000,0x0000000081cc0628,0x0000000089880000)
 Metaspace       used 57027K, capacity 58846K, committed 59160K, reserved 1099776K
  class space    used 7583K, capacity 7988K, committed 8112K, reserved 1048576K
}
Event: 29.996 GC heap before
{Heap before GC invocations=15 (full 3):
 PSYoungGen      total 163328K, used 144384K [0x00000000d5580000, 0x00000000e3a80000, 0x0000000100000000)
  eden space 144384K, 100% used [0x00000000d5580000,0x00000000de280000,0x00000000de280000)
  from space 18944K, 0% used [0x00000000de280000,0x00000000de280000,0x00000000df500000)
  to   space 19456K, 0% used [0x00000000e2780000,0x00000000e2780000,0x00000000e3a80000)
 ParOldGen       total 156160K, used 29441K [0x0000000080000000, 0x0000000089880000, 0x00000000d5580000)
  object space 156160K, 18% used [0x0000000080000000,0x0000000081cc0628,0x0000000089880000)
 Metaspace       used 67419K, capacity 69586K, committed 69680K, reserved 1110016K
  class space    used 9037K, capacity 9514K, committed 9520K, reserved 1048576K
Event: 30.029 GC heap after
Heap after GC invocations=15 (full 3):
 PSYoungGen      total 191488K, used 16192K [0x00000000d5580000, 0x00000000e3780000, 0x0000000100000000)
  eden space 175104K, 0% used [0x00000000d5580000,0x00000000d5580000,0x00000000e0080000)
  from space 16384K, 98% used [0x00000000e2780000,0x00000000e3750350,0x00000000e3780000)
  to   space 20992K, 0% used [0x00000000e0e80000,0x00000000e0e80000,0x00000000e2300000)
 ParOldGen       total 156160K, used 29449K [0x0000000080000000, 0x0000000089880000, 0x00000000d5580000)
  object space 156160K, 18% used [0x0000000080000000,0x0000000081cc2628,0x0000000089880000)
 Metaspace       used 67419K, capacity 69586K, committed 69680K, reserved 1110016K
  class space    used 9037K, capacity 9514K, committed 9520K, reserved 1048576K
}
Event: 42.025 GC heap before
{Heap before GC invocations=16 (full 3):
 PSYoungGen      total 191488K, used 191296K [0x00000000d5580000, 0x00000000e3780000, 0x0000000100000000)
  eden space 175104K, 100% used [0x00000000d5580000,0x00000000e0080000,0x00000000e0080000)
  from space 16384K, 98% used [0x00000000e2780000,0x00000000e3750350,0x00000000e3780000)
  to   space 20992K, 0% used [0x00000000e0e80000,0x00000000e0e80000,0x00000000e2300000)
 ParOldGen       total 156160K, used 29449K [0x0000000080000000, 0x0000000089880000, 0x00000000d5580000)
  object space 156160K, 18% used [0x0000000080000000,0x0000000081cc2628,0x0000000089880000)
 Metaspace       used 71209K, capacity 74006K, committed 74160K, reserved 1114112K
  class space    used 9536K, capacity 10140K, committed 10160K, reserved 1048576K
Event: 42.102 GC heap after
Heap after GC invocations=16 (full 3):
 PSYoungGen      total 210432K, used 20984K [0x00000000d5580000, 0x00000000e5080000, 0x0000000100000000)
  eden space 189440K, 0% used [0x00000000d5580000,0x00000000d5580000,0x00000000e0e80000)
  from space 20992K, 99% used [0x00000000e0e80000,0x00000000e22fe110,0x00000000e2300000)
  to   space 24576K, 0% used [0x00000000e3880000,0x00000000e3880000,0x00000000e5080000)
 ParOldGen       total 156160K, used 31477K [0x0000000080000000, 0x0000000089880000, 0x00000000d5580000)
  object space 156160K, 20% used [0x0000000080000000,0x0000000081ebd450,0x0000000089880000)
 Metaspace       used 71209K, capacity 74006K, committed 74160K, reserved 1114112K
  class space    used 9536K, capacity 10140K, committed 10160K, reserved 1048576K
}

