# JRE version: OpenJDK Runtime Environment (8.0_242-b01) (build 1.8.0_242-release-1644-b01)
# Java VM: OpenJDK 64-Bit Server VM (25.242-b01 mixed mode windows-amd64 compressed oops)
Heap:
 PSYoungGen      total 169984K, used 68166K [0x00000000d5580000, 0x00000000e1e00000, 0x0000000100000000)
  eden space 150016K, 32% used [0x00000000d5580000,0x00000000d8497908,0x00000000de800000)
  from space 19968K, 99% used [0x00000000e0a80000,0x00000000e1dfa180,0x00000000e1e00000)
  to   space 17920K, 0% used [0x00000000de800000,0x00000000de800000,0x00000000df980000)
 ParOldGen       total 118272K, used 44489K [0x0000000080000000, 0x0000000087380000, 0x00000000d5580000)
  object space 118272K, 37% used [0x0000000080000000,0x0000000082b72468,0x0000000087380000)
 Metaspace       used 69218K, capacity 72398K, committed 72600K, reserved 1112064K
  class space    used 9211K, capacity 9838K, committed 9888K, reserved 1048576K
GC Heap History (10 events):
Event: 6.028 GC heap before
{Heap before GC invocations=13 (full 2):
 PSYoungGen      total 140800K, used 71000K [0x00000000d5580000, 0x00000000df880000, 0x0000000100000000)
  eden space 125952K, 44% used [0x00000000d5580000,0x00000000d8c56ed8,0x00000000dd080000)
  from space 14848K, 99% used [0x00000000de280000,0x00000000df0ff300,0x00000000df100000)
  to   space 18432K, 0% used [0x00000000dd080000,0x00000000dd080000,0x00000000de280000)
 ParOldGen       total 118272K, used 21641K [0x0000000080000000, 0x0000000087380000, 0x00000000d5580000)
  object space 118272K, 18% used [0x0000000080000000,0x0000000081522610,0x0000000087380000)
 Metaspace       used 57014K, capacity 59068K, committed 59160K, reserved 1099776K
  class space    used 7738K, capacity 8173K, committed 8224K, reserved 1048576K
Event: 6.039 GC heap after
Heap after GC invocations=13 (full 2):
 PSYoungGen      total 144384K, used 6851K [0x00000000d5580000, 0x00000000e1000000, 0x0000000100000000)
  eden space 125952K, 0% used [0x00000000d5580000,0x00000000d5580000,0x00000000dd080000)
  from space 18432K, 37% used [0x00000000dd080000,0x00000000dd730da0,0x00000000de280000)
  to   space 17920K, 0% used [0x00000000dfe80000,0x00000000dfe80000,0x00000000e1000000)
 ParOldGen       total 118272K, used 34279K [0x0000000080000000, 0x0000000087380000, 0x00000000d5580000)
  object space 118272K, 28% used [0x0000000080000000,0x0000000082179df8,0x0000000087380000)
 Metaspace       used 57014K, capacity 59068K, committed 59160K, reserved 1099776K
  class space    used 7738K, capacity 8173K, committed 8224K, reserved 1048576K
}
Event: 6.039 GC heap before
{Heap before GC invocations=14 (full 3):
 PSYoungGen      total 144384K, used 6851K [0x00000000d5580000, 0x00000000e1000000, 0x0000000100000000)
  eden space 125952K, 0% used [0x00000000d5580000,0x00000000d5580000,0x00000000dd080000)
  from space 18432K, 37% used [0x00000000dd080000,0x00000000dd730da0,0x00000000de280000)
  to   space 17920K, 0% used [0x00000000dfe80000,0x00000000dfe80000,0x00000000e1000000)
 ParOldGen       total 118272K, used 34279K [0x0000000080000000, 0x0000000087380000, 0x00000000d5580000)
  object space 118272K, 28% used [0x0000000080000000,0x0000000082179df8,0x0000000087380000)
 Metaspace       used 57014K, capacity 59068K, committed 59160K, reserved 1099776K
  class space    used 7738K, capacity 8173K, committed 8224K, reserved 1048576K
Event: 6.221 GC heap after
Heap after GC invocations=14 (full 3):
 PSYoungGen      total 144384K, used 0K [0x00000000d5580000, 0x00000000e1000000, 0x0000000100000000)
  eden space 125952K, 0% used [0x00000000d5580000,0x00000000d5580000,0x00000000dd080000)
  from space 18432K, 0% used [0x00000000dd080000,0x00000000dd080000,0x00000000de280000)
  to   space 17920K, 0% used [0x00000000dfe80000,0x00000000dfe80000,0x00000000e1000000)
 ParOldGen       total 118272K, used 32638K [0x0000000080000000, 0x0000000087380000, 0x00000000d5580000)
  object space 118272K, 27% used [0x0000000080000000,0x0000000081fdfa60,0x0000000087380000)
 Metaspace       used 56959K, capacity 58888K, committed 59160K, reserved 1099776K
  class space    used 7722K, capacity 8143K, committed 8224K, reserved 1048576K
}
Event: 11.835 GC heap before
{Heap before GC invocations=15 (full 3):
 PSYoungGen      total 144384K, used 125952K [0x00000000d5580000, 0x00000000e1000000, 0x0000000100000000)
  eden space 125952K, 100% used [0x00000000d5580000,0x00000000dd080000,0x00000000dd080000)
  from space 18432K, 0% used [0x00000000dd080000,0x00000000dd080000,0x00000000de280000)
  to   space 17920K, 0% used [0x00000000dfe80000,0x00000000dfe80000,0x00000000e1000000)
 ParOldGen       total 118272K, used 32638K [0x0000000080000000, 0x0000000087380000, 0x00000000d5580000)
  object space 118272K, 27% used [0x0000000080000000,0x0000000081fdfa60,0x0000000087380000)
 Metaspace       used 64802K, capacity 67114K, committed 67224K, reserved 1107968K
  class space    used 8657K, capacity 9114K, committed 9120K, reserved 1048576K
Event: 11.846 GC heap after
Heap after GC invocations=15 (full 3):
 PSYoungGen      total 156672K, used 12410K [0x00000000d5580000, 0x00000000e0b00000, 0x0000000100000000)
  eden space 143872K, 0% used [0x00000000d5580000,0x00000000d5580000,0x00000000de200000)
  from space 12800K, 96% used [0x00000000dfe80000,0x00000000e0a9e830,0x00000000e0b00000)
  to   space 17920K, 0% used [0x00000000de800000,0x00000000de800000,0x00000000df980000)
 ParOldGen       total 118272K, used 32646K [0x0000000080000000, 0x0000000087380000, 0x00000000d5580000)
  object space 118272K, 27% used [0x0000000080000000,0x0000000081fe1a60,0x0000000087380000)
 Metaspace       used 64802K, capacity 67114K, committed 67224K, reserved 1107968K
  class space    used 8657K, capacity 9114K, committed 9120K, reserved 1048576K
}
Event: 12.636 GC heap before
{Heap before GC invocations=16 (full 3):
 PSYoungGen      total 156672K, used 156282K [0x00000000d5580000, 0x00000000e0b00000, 0x0000000100000000)
  eden space 143872K, 100% used [0x00000000d5580000,0x00000000de200000,0x00000000de200000)
  from space 12800K, 96% used [0x00000000dfe80000,0x00000000e0a9e830,0x00000000e0b00000)
  to   space 17920K, 0% used [0x00000000de800000,0x00000000de800000,0x00000000df980000)
 ParOldGen       total 118272K, used 32646K [0x0000000080000000, 0x0000000087380000, 0x00000000d5580000)
  object space 118272K, 27% used [0x0000000080000000,0x0000000081fe1a60,0x0000000087380000)
 Metaspace       used 67416K, capacity 70530K, committed 70552K, reserved 1110016K
  class space    used 9039K, capacity 9628K, committed 9632K, reserved 1048576K
Event: 12.649 GC heap after
Heap after GC invocations=16 (full 3):
 PSYoungGen      total 167936K, used 17079K [0x00000000d5580000, 0x00000000e1e00000, 0x0000000100000000)
  eden space 150016K, 0% used [0x00000000d5580000,0x00000000d5580000,0x00000000de800000)
  from space 17920K, 95% used [0x00000000de800000,0x00000000df8adcf0,0x00000000df980000)
  to   space 19968K, 0% used [0x00000000e0a80000,0x00000000e0a80000,0x00000000e1e00000)
 ParOldGen       total 118272K, used 32654K [0x0000000080000000, 0x0000000087380000, 0x00000000d5580000)
  object space 118272K, 27% used [0x0000000080000000,0x0000000081fe3a60,0x0000000087380000)
 Metaspace       used 67416K, capacity 70530K, committed 70552K, reserved 1110016K
  class space    used 9039K, capacity 9628K, committed 9632K, reserved 1048576K
}
Event: 13.636 GC heap before
{Heap before GC invocations=17 (full 3):
 PSYoungGen      total 167936K, used 167095K [0x00000000d5580000, 0x00000000e1e00000, 0x0000000100000000)
  eden space 150016K, 100% used [0x00000000d5580000,0x00000000de800000,0x00000000de800000)
  from space 17920K, 95% used [0x00000000de800000,0x00000000df8adcf0,0x00000000df980000)
  to   space 19968K, 0% used [0x00000000e0a80000,0x00000000e0a80000,0x00000000e1e00000)
 ParOldGen       total 118272K, used 32654K [0x0000000080000000, 0x0000000087380000, 0x00000000d5580000)
  object space 118272K, 27% used [0x0000000080000000,0x0000000081fe3a60,0x0000000087380000)
 Metaspace       used 68814K, capacity 72022K, committed 72344K, reserved 1112064K
  class space    used 9175K, capacity 9802K, committed 9888K, reserved 1048576K
Event: 13.662 GC heap after
Heap after GC invocations=17 (full 3):
 PSYoungGen      total 169984K, used 19944K [0x00000000d5580000, 0x00000000e1e00000, 0x0000000100000000)
  eden space 150016K, 0% used [0x00000000d5580000,0x00000000d5580000,0x00000000de800000)
  from space 19968K, 99% used [0x00000000e0a80000,0x00000000e1dfa180,0x00000000e1e00000)
  to   space 17920K, 0% used [0x00000000de800000,0x00000000de800000,0x00000000df980000)
 ParOldGen       total 118272K, used 44489K [0x0000000080000000, 0x0000000087380000, 0x00000000d5580000)
  object space 118272K, 37% used [0x0000000080000000,0x0000000082b72468,0x0000000087380000)
 Metaspace       used 68814K, capacity 72022K, committed 72344K, reserved 1112064K
  class space    used 9175K, capacity 9802K, committed 9888K, reserved 1048576K
}

