# JRE version: OpenJDK Runtime Environment (8.0_242-b01) (build 1.8.0_242-release-1644-b01)
# Java VM: OpenJDK 64-Bit Server VM (25.242-b01 mixed mode windows-amd64 compressed oops)
Heap:
 PSYoungGen      total 274432K, used 95270K [0x00000000d5580000, 0x00000000e7e80000, 0x0000000100000000)
  eden space 252416K, 29% used [0x00000000d5580000,0x00000000d9d10750,0x00000000e4c00000)
  from space 22016K, 99% used [0x00000000e5380000,0x00000000e68f90d0,0x00000000e6900000)
  to   space 16896K, 0% used [0x00000000e6e00000,0x00000000e6e00000,0x00000000e7e80000)
 ParOldGen       total 110080K, used 49847K [0x0000000080000000, 0x0000000086b80000, 0x00000000d5580000)
  object space 110080K, 45% used [0x0000000080000000,0x00000000830adfd0,0x0000000086b80000)
 Metaspace       used 81949K, capacity 86392K, committed 86552K, reserved 1124352K
  class space    used 11147K, capacity 11970K, committed 12072K, reserved 1048576K
GC Heap History (10 events):
Event: 14.056 GC heap before
{Heap before GC invocations=10 (full 2):
 PSYoungGen      total 143872K, used 129536K [0x00000000d5580000, 0x00000000e4900000, 0x0000000100000000)
  eden space 129536K, 100% used [0x00000000d5580000,0x00000000dd400000,0x00000000dd400000)
  from space 14336K, 0% used [0x00000000dd400000,0x00000000dd400000,0x00000000de200000)
  to   space 13824K, 0% used [0x00000000e3b80000,0x00000000e3b80000,0x00000000e4900000)
 ParOldGen       total 110080K, used 15094K [0x0000000080000000, 0x0000000086b80000, 0x00000000d5580000)
  object space 110080K, 13% used [0x0000000080000000,0x0000000080ebd9c0,0x0000000086b80000)
 Metaspace       used 43524K, capacity 45200K, committed 45480K, reserved 1089536K
  class space    used 5880K, capacity 6235K, committed 6312K, reserved 1048576K
Event: 14.084 GC heap after
Heap after GC invocations=10 (full 2):
 PSYoungGen      total 214528K, used 12315K [0x00000000d5580000, 0x00000000e4800000, 0x0000000100000000)
  eden space 201728K, 0% used [0x00000000d5580000,0x00000000d5580000,0x00000000e1a80000)
  from space 12800K, 96% used [0x00000000e3b80000,0x00000000e4786c58,0x00000000e4800000)
  to   space 14848K, 0% used [0x00000000e2b00000,0x00000000e2b00000,0x00000000e3980000)
 ParOldGen       total 110080K, used 15102K [0x0000000080000000, 0x0000000086b80000, 0x00000000d5580000)
  object space 110080K, 13% used [0x0000000080000000,0x0000000080ebf9c0,0x0000000086b80000)
 Metaspace       used 43524K, capacity 45200K, committed 45480K, reserved 1089536K
  class space    used 5880K, capacity 6235K, committed 6312K, reserved 1048576K
}
Event: 17.315 GC heap before
{Heap before GC invocations=11 (full 2):
 PSYoungGen      total 214528K, used 179683K [0x00000000d5580000, 0x00000000e4800000, 0x0000000100000000)
  eden space 201728K, 82% used [0x00000000d5580000,0x00000000df8f22f8,0x00000000e1a80000)
  from space 12800K, 96% used [0x00000000e3b80000,0x00000000e4786c58,0x00000000e4800000)
  to   space 14848K, 0% used [0x00000000e2b00000,0x00000000e2b00000,0x00000000e3980000)
 ParOldGen       total 110080K, used 15102K [0x0000000080000000, 0x0000000086b80000, 0x00000000d5580000)
  object space 110080K, 13% used [0x0000000080000000,0x0000000080ebf9c0,0x0000000086b80000)
 Metaspace       used 56812K, capacity 59102K, committed 59160K, reserved 1099776K
  class space    used 7703K, capacity 8179K, committed 8232K, reserved 1048576K
Event: 17.366 GC heap after
Heap after GC invocations=11 (full 2):
 PSYoungGen      total 233472K, used 14836K [0x00000000d5580000, 0x00000000e8200000, 0x0000000100000000)
  eden space 218624K, 0% used [0x00000000d5580000,0x00000000d5580000,0x00000000e2b00000)
  from space 14848K, 99% used [0x00000000e2b00000,0x00000000e397d320,0x00000000e3980000)
  to   space 20480K, 0% used [0x00000000e6e00000,0x00000000e6e00000,0x00000000e8200000)
 ParOldGen       total 110080K, used 25460K [0x0000000080000000, 0x0000000086b80000, 0x00000000d5580000)
  object space 110080K, 23% used [0x0000000080000000,0x00000000818dd1e8,0x0000000086b80000)
 Metaspace       used 56812K, capacity 59102K, committed 59160K, reserved 1099776K
  class space    used 7703K, capacity 8179K, committed 8232K, reserved 1048576K
}
Event: 17.366 GC heap before
{Heap before GC invocations=12 (full 3):
 PSYoungGen      total 233472K, used 14836K [0x00000000d5580000, 0x00000000e8200000, 0x0000000100000000)
  eden space 218624K, 0% used [0x00000000d5580000,0x00000000d5580000,0x00000000e2b00000)
  from space 14848K, 99% used [0x00000000e2b00000,0x00000000e397d320,0x00000000e3980000)
  to   space 20480K, 0% used [0x00000000e6e00000,0x00000000e6e00000,0x00000000e8200000)
 ParOldGen       total 110080K, used 25460K [0x0000000080000000, 0x0000000086b80000, 0x00000000d5580000)
  object space 110080K, 23% used [0x0000000080000000,0x00000000818dd1e8,0x0000000086b80000)
 Metaspace       used 56812K, capacity 59102K, committed 59160K, reserved 1099776K
  class space    used 7703K, capacity 8179K, committed 8232K, reserved 1048576K
Event: 18.167 GC heap after
Heap after GC invocations=12 (full 3):
 PSYoungGen      total 233472K, used 0K [0x00000000d5580000, 0x00000000e8200000, 0x0000000100000000)
  eden space 218624K, 0% used [0x00000000d5580000,0x00000000d5580000,0x00000000e2b00000)
  from space 14848K, 0% used [0x00000000e2b00000,0x00000000e2b00000,0x00000000e3980000)
  to   space 20480K, 0% used [0x00000000e6e00000,0x00000000e6e00000,0x00000000e8200000)
 ParOldGen       total 110080K, used 39359K [0x0000000080000000, 0x0000000086b80000, 0x00000000d5580000)
  object space 110080K, 35% used [0x0000000080000000,0x000000008266fc90,0x0000000086b80000)
 Metaspace       used 56782K, capacity 59000K, committed 59160K, reserved 1099776K
  class space    used 7694K, capacity 8162K, committed 8232K, reserved 1048576K
}
Event: 24.853 GC heap before
{Heap before GC invocations=13 (full 3):
 PSYoungGen      total 233472K, used 218624K [0x00000000d5580000, 0x00000000e8200000, 0x0000000100000000)
  eden space 218624K, 100% used [0x00000000d5580000,0x00000000e2b00000,0x00000000e2b00000)
  from space 14848K, 0% used [0x00000000e2b00000,0x00000000e2b00000,0x00000000e3980000)
  to   space 20480K, 0% used [0x00000000e6e00000,0x00000000e6e00000,0x00000000e8200000)
 ParOldGen       total 110080K, used 39359K [0x0000000080000000, 0x0000000086b80000, 0x00000000d5580000)
  object space 110080K, 35% used [0x0000000080000000,0x000000008266fc90,0x0000000086b80000)
 Metaspace       used 66264K, capacity 69700K, committed 69912K, reserved 1110016K
  class space    used 9143K, capacity 9749K, committed 9768K, reserved 1048576K
Event: 24.892 GC heap after
Heap after GC invocations=13 (full 3):
 PSYoungGen      total 269312K, used 16405K [0x00000000d5580000, 0x00000000e7e80000, 0x0000000100000000)
  eden space 252416K, 0% used [0x00000000d5580000,0x00000000d5580000,0x00000000e4c00000)
  from space 16896K, 97% used [0x00000000e6e00000,0x00000000e7e05778,0x00000000e7e80000)
  to   space 22016K, 0% used [0x00000000e5380000,0x00000000e5380000,0x00000000e6900000)
 ParOldGen       total 110080K, used 39367K [0x0000000080000000, 0x0000000086b80000, 0x00000000d5580000)
  object space 110080K, 35% used [0x0000000080000000,0x0000000082671c90,0x0000000086b80000)
 Metaspace       used 66264K, capacity 69700K, committed 69912K, reserved 1110016K
  class space    used 9143K, capacity 9749K, committed 9768K, reserved 1048576K
}
Event: 31.364 GC heap before
{Heap before GC invocations=14 (full 3):
 PSYoungGen      total 269312K, used 268821K [0x00000000d5580000, 0x00000000e7e80000, 0x0000000100000000)
  eden space 252416K, 100% used [0x00000000d5580000,0x00000000e4c00000,0x00000000e4c00000)
  from space 16896K, 97% used [0x00000000e6e00000,0x00000000e7e05778,0x00000000e7e80000)
  to   space 22016K, 0% used [0x00000000e5380000,0x00000000e5380000,0x00000000e6900000)
 ParOldGen       total 110080K, used 39367K [0x0000000080000000, 0x0000000086b80000, 0x00000000d5580000)
  object space 110080K, 35% used [0x0000000080000000,0x0000000082671c90,0x0000000086b80000)
 Metaspace       used 77234K, capacity 81472K, committed 81560K, reserved 1120256K
  class space    used 10588K, capacity 11356K, committed 11432K, reserved 1048576K
Event: 31.503 GC heap after
Heap after GC invocations=14 (full 3):
 PSYoungGen      total 274432K, used 21988K [0x00000000d5580000, 0x00000000e7e80000, 0x0000000100000000)
  eden space 252416K, 0% used [0x00000000d5580000,0x00000000d5580000,0x00000000e4c00000)
  from space 22016K, 99% used [0x00000000e5380000,0x00000000e68f90d0,0x00000000e6900000)
  to   space 16896K, 0% used [0x00000000e6e00000,0x00000000e6e00000,0x00000000e7e80000)
 ParOldGen       total 110080K, used 49847K [0x0000000080000000, 0x0000000086b80000, 0x00000000d5580000)
  object space 110080K, 45% used [0x0000000080000000,0x00000000830adfd0,0x0000000086b80000)
 Metaspace       used 77234K, capacity 81472K, committed 81560K, reserved 1120256K
  class space    used 10588K, capacity 11356K, committed 11432K, reserved 1048576K
}

