# JRE version: OpenJDK Runtime Environment (8.0_242-b01) (build 1.8.0_242-release-1644-b01)
# Java VM: OpenJDK 64-Bit Server VM (25.242-b01 mixed mode windows-amd64 compressed oops)
Heap:
 PSYoungGen      total 289792K, used 216879K [0x00000000d5580000, 0x00000000e9280000, 0x0000000100000000)
  eden space 254976K, 85% used [0x00000000d5580000,0x00000000e294bf78,0x00000000e4e80000)
  from space 34816K, 0% used [0x00000000e7000000,0x00000000e7000000,0x00000000e9200000)
  to   space 34304K, 0% used [0x00000000e4e80000,0x00000000e4e80000,0x00000000e7000000)
 ParOldGen       total 186368K, used 64790K [0x0000000080000000, 0x000000008b600000, 0x00000000d5580000)
  object space 186368K, 34% used [0x0000000080000000,0x0000000083f45840,0x000000008b600000)
 Metaspace       used 94594K, capacity 99096K, committed 100376K, reserved 1136640K
  class space    used 12373K, capacity 13285K, committed 13608K, reserved 1048576K
GC Heap History (10 events):
Event: 22.662 GC heap before
{Heap before GC invocations=14 (full 3):
 PSYoungGen      total 252928K, used 252795K [0x00000000d5580000, 0x00000000e6a00000, 0x0000000100000000)
  eden space 237056K, 100% used [0x00000000d5580000,0x00000000e3d00000,0x00000000e3d00000)
  from space 15872K, 99% used [0x00000000e5a80000,0x00000000e69dec50,0x00000000e6a00000)
  to   space 22528K, 0% used [0x00000000e3e00000,0x00000000e3e00000,0x00000000e5400000)
 ParOldGen       total 186368K, used 38153K [0x0000000080000000, 0x000000008b600000, 0x00000000d5580000)
  object space 186368K, 20% used [0x0000000080000000,0x0000000082542520,0x000000008b600000)
 Metaspace       used 75707K, capacity 79672K, committed 79768K, reserved 1118208K
  class space    used 10387K, capacity 11103K, committed 11176K, reserved 1048576K
Event: 22.742 GC heap after
Heap after GC invocations=14 (full 3):
 PSYoungGen      total 259584K, used 22518K [0x00000000d5580000, 0x00000000e6a00000, 0x0000000100000000)
  eden space 237056K, 0% used [0x00000000d5580000,0x00000000d5580000,0x00000000e3d00000)
  from space 22528K, 99% used [0x00000000e3e00000,0x00000000e53fdb38,0x00000000e5400000)
  to   space 15872K, 0% used [0x00000000e5a80000,0x00000000e5a80000,0x00000000e6a00000)
 ParOldGen       total 186368K, used 45316K [0x0000000080000000, 0x000000008b600000, 0x00000000d5580000)
  object space 186368K, 24% used [0x0000000080000000,0x0000000082c41310,0x000000008b600000)
 Metaspace       used 75707K, capacity 79672K, committed 79768K, reserved 1118208K
  class space    used 10387K, capacity 11103K, committed 11176K, reserved 1048576K
}
Event: 152.621 GC heap before
{Heap before GC invocations=15 (full 3):
 PSYoungGen      total 259584K, used 259574K [0x00000000d5580000, 0x00000000e6a00000, 0x0000000100000000)
  eden space 237056K, 100% used [0x00000000d5580000,0x00000000e3d00000,0x00000000e3d00000)
  from space 22528K, 99% used [0x00000000e3e00000,0x00000000e53fdb38,0x00000000e5400000)
  to   space 15872K, 0% used [0x00000000e5a80000,0x00000000e5a80000,0x00000000e6a00000)
 ParOldGen       total 186368K, used 45316K [0x0000000080000000, 0x000000008b600000, 0x00000000d5580000)
  object space 186368K, 24% used [0x0000000080000000,0x0000000082c41310,0x000000008b600000)
 Metaspace       used 87212K, capacity 91902K, committed 92184K, reserved 1128448K
  class space    used 11587K, capacity 12457K, committed 12584K, reserved 1048576K
Event: 152.769 GC heap after
Heap after GC invocations=15 (full 3):
 PSYoungGen      total 246272K, used 15844K [0x00000000d5580000, 0x00000000ea380000, 0x0000000100000000)
  eden space 230400K, 0% used [0x00000000d5580000,0x00000000d5580000,0x00000000e3680000)
  from space 15872K, 99% used [0x00000000e5a80000,0x00000000e69f9078,0x00000000e6a00000)
  to   space 36864K, 0% used [0x00000000e3680000,0x00000000e3680000,0x00000000e5a80000)
 ParOldGen       total 186368K, used 69653K [0x0000000080000000, 0x000000008b600000, 0x00000000d5580000)
  object space 186368K, 37% used [0x0000000080000000,0x0000000084405488,0x000000008b600000)
 Metaspace       used 87212K, capacity 91902K, committed 92184K, reserved 1128448K
  class space    used 11587K, capacity 12457K, committed 12584K, reserved 1048576K
}
Event: 627.999 GC heap before
{Heap before GC invocations=16 (full 3):
 PSYoungGen      total 246272K, used 246244K [0x00000000d5580000, 0x00000000ea380000, 0x0000000100000000)
  eden space 230400K, 100% used [0x00000000d5580000,0x00000000e3680000,0x00000000e3680000)
  from space 15872K, 99% used [0x00000000e5a80000,0x00000000e69f9078,0x00000000e6a00000)
  to   space 36864K, 0% used [0x00000000e3680000,0x00000000e3680000,0x00000000e5a80000)
 ParOldGen       total 186368K, used 69653K [0x0000000080000000, 0x000000008b600000, 0x00000000d5580000)
  object space 186368K, 37% used [0x0000000080000000,0x0000000084405488,0x000000008b600000)
 Metaspace       used 91950K, capacity 97290K, committed 97432K, reserved 1134592K
  class space    used 12216K, capacity 13196K, committed 13224K, reserved 1048576K
Event: 628.083 GC heap after
Heap after GC invocations=16 (full 3):
 PSYoungGen      total 267264K, used 16241K [0x00000000d5580000, 0x00000000e9200000, 0x0000000100000000)
  eden space 230400K, 0% used [0x00000000d5580000,0x00000000d5580000,0x00000000e3680000)
  from space 36864K, 44% used [0x00000000e3680000,0x00000000e465c4a8,0x00000000e5a80000)
  to   space 34816K, 0% used [0x00000000e7000000,0x00000000e7000000,0x00000000e9200000)
 ParOldGen       total 186368K, used 85012K [0x0000000080000000, 0x000000008b600000, 0x00000000d5580000)
  object space 186368K, 45% used [0x0000000080000000,0x00000000853051d0,0x000000008b600000)
 Metaspace       used 91950K, capacity 97290K, committed 97432K, reserved 1134592K
  class space    used 12216K, capacity 13196K, committed 13224K, reserved 1048576K
}
Event: 631.993 GC heap before
{Heap before GC invocations=17 (full 3):
 PSYoungGen      total 267264K, used 108225K [0x00000000d5580000, 0x00000000e9200000, 0x0000000100000000)
  eden space 230400K, 39% used [0x00000000d5580000,0x00000000daf53fa8,0x00000000e3680000)
  from space 36864K, 44% used [0x00000000e3680000,0x00000000e465c4a8,0x00000000e5a80000)
  to   space 34816K, 0% used [0x00000000e7000000,0x00000000e7000000,0x00000000e9200000)
 ParOldGen       total 186368K, used 85012K [0x0000000080000000, 0x000000008b600000, 0x00000000d5580000)
  object space 186368K, 45% used [0x0000000080000000,0x00000000853051d0,0x000000008b600000)
 Metaspace       used 93247K, capacity 98572K, committed 98584K, reserved 1134592K
  class space    used 12357K, capacity 13341K, committed 13352K, reserved 1048576K
Event: 632.041 GC heap after
Heap after GC invocations=17 (full 3):
 PSYoungGen      total 289792K, used 19713K [0x00000000d5580000, 0x00000000e9280000, 0x0000000100000000)
  eden space 254976K, 0% used [0x00000000d5580000,0x00000000d5580000,0x00000000e4e80000)
  from space 34816K, 56% used [0x00000000e7000000,0x00000000e8340798,0x00000000e9200000)
  to   space 34304K, 0% used [0x00000000e4e80000,0x00000000e4e80000,0x00000000e7000000)
 ParOldGen       total 186368K, used 85020K [0x0000000080000000, 0x000000008b600000, 0x00000000d5580000)
  object space 186368K, 45% used [0x0000000080000000,0x00000000853071d0,0x000000008b600000)
 Metaspace       used 93247K, capacity 98572K, committed 98584K, reserved 1134592K
  class space    used 12357K, capacity 13341K, committed 13352K, reserved 1048576K
}
Event: 632.041 GC heap before
{Heap before GC invocations=18 (full 4):
 PSYoungGen      total 289792K, used 19713K [0x00000000d5580000, 0x00000000e9280000, 0x0000000100000000)
  eden space 254976K, 0% used [0x00000000d5580000,0x00000000d5580000,0x00000000e4e80000)
  from space 34816K, 56% used [0x00000000e7000000,0x00000000e8340798,0x00000000e9200000)
  to   space 34304K, 0% used [0x00000000e4e80000,0x00000000e4e80000,0x00000000e7000000)
 ParOldGen       total 186368K, used 85020K [0x0000000080000000, 0x000000008b600000, 0x00000000d5580000)
  object space 186368K, 45% used [0x0000000080000000,0x00000000853071d0,0x000000008b600000)
 Metaspace       used 93247K, capacity 98572K, committed 98584K, reserved 1134592K
  class space    used 12357K, capacity 13341K, committed 13352K, reserved 1048576K
Event: 632.339 GC heap after
Heap after GC invocations=18 (full 4):
 PSYoungGen      total 289792K, used 0K [0x00000000d5580000, 0x00000000e9280000, 0x0000000100000000)
  eden space 254976K, 0% used [0x00000000d5580000,0x00000000d5580000,0x00000000e4e80000)
  from space 34816K, 0% used [0x00000000e7000000,0x00000000e7000000,0x00000000e9200000)
  to   space 34304K, 0% used [0x00000000e4e80000,0x00000000e4e80000,0x00000000e7000000)
 ParOldGen       total 186368K, used 64790K [0x0000000080000000, 0x000000008b600000, 0x00000000d5580000)
  object space 186368K, 34% used [0x0000000080000000,0x0000000083f45840,0x000000008b600000)
 Metaspace       used 92716K, capacity 97068K, committed 98584K, reserved 1134592K
  class space    used 12187K, capacity 13049K, committed 13352K, reserved 1048576K
}

