# JRE version: OpenJDK Runtime Environment (8.0_242-b01) (build 1.8.0_242-release-1644-b01)
# Java VM: OpenJDK 64-Bit Server VM (25.242-b01 mixed mode windows-amd64 compressed oops)
Heap:
 PSYoungGen      total 146944K, used 34126K [0x00000000d5580000, 0x00000000dfd80000, 0x0000000100000000)
  eden space 133120K, 15% used [0x00000000d5580000,0x00000000d6954560,0x00000000dd780000)
  from space 13824K, 99% used [0x00000000de880000,0x00000000df5ff698,0x00000000df600000)
  to   space 17408K, 0% used [0x00000000dd780000,0x00000000dd780000,0x00000000de880000)
 ParOldGen       total 70144K, used 22585K [0x0000000080000000, 0x0000000084480000, 0x00000000d5580000)
  object space 70144K, 32% used [0x0000000080000000,0x000000008160e6f0,0x0000000084480000)
 Metaspace       used 52393K, capacity 54356K, committed 54568K, reserved 1095680K
  class space    used 6977K, capacity 7422K, committed 7464K, reserved 1048576K
GC Heap History (10 events):
Event: 8.182 GC heap before
{Heap before GC invocations=8 (full 1):
 PSYoungGen      total 74752K, used 74438K [0x00000000d5580000, 0x00000000db900000, 0x0000000100000000)
  eden space 70656K, 100% used [0x00000000d5580000,0x00000000d9a80000,0x00000000d9a80000)
  from space 4096K, 92% used [0x00000000db500000,0x00000000db8b1b98,0x00000000db900000)
  to   space 11776K, 0% used [0x00000000da200000,0x00000000da200000,0x00000000dad80000)
 ParOldGen       total 70144K, used 8899K [0x0000000080000000, 0x0000000084480000, 0x00000000d5580000)
  object space 70144K, 12% used [0x0000000080000000,0x00000000808b0f78,0x0000000084480000)
 Metaspace       used 31602K, capacity 32496K, committed 32688K, reserved 1077248K
  class space    used 4260K, capacity 4497K, committed 4528K, reserved 1048576K
Event: 8.193 GC heap after
Heap after GC invocations=8 (full 1):
 PSYoungGen      total 90112K, used 8876K [0x00000000d5580000, 0x00000000ddd80000, 0x0000000100000000)
  eden space 78336K, 0% used [0x00000000d5580000,0x00000000d5580000,0x00000000da200000)
  from space 11776K, 75% used [0x00000000da200000,0x00000000daaab250,0x00000000dad80000)
  to   space 12288K, 0% used [0x00000000dd180000,0x00000000dd180000,0x00000000ddd80000)
 ParOldGen       total 70144K, used 8907K [0x0000000080000000, 0x0000000084480000, 0x00000000d5580000)
  object space 70144K, 12% used [0x0000000080000000,0x00000000808b2f78,0x0000000084480000)
 Metaspace       used 31602K, capacity 32496K, committed 32688K, reserved 1077248K
  class space    used 4260K, capacity 4497K, committed 4528K, reserved 1048576K
}
Event: 9.527 GC heap before
{Heap before GC invocations=9 (full 1):
 PSYoungGen      total 90112K, used 64637K [0x00000000d5580000, 0x00000000ddd80000, 0x0000000100000000)
  eden space 78336K, 71% used [0x00000000d5580000,0x00000000d8bf43a0,0x00000000da200000)
  from space 11776K, 75% used [0x00000000da200000,0x00000000daaab250,0x00000000dad80000)
  to   space 12288K, 0% used [0x00000000dd180000,0x00000000dd180000,0x00000000ddd80000)
 ParOldGen       total 70144K, used 8907K [0x0000000080000000, 0x0000000084480000, 0x00000000d5580000)
  object space 70144K, 12% used [0x0000000080000000,0x00000000808b2f78,0x0000000084480000)
 Metaspace       used 34363K, capacity 35398K, committed 35496K, reserved 1079296K
  class space    used 4670K, capacity 4946K, committed 5032K, reserved 1048576K
Event: 9.541 GC heap after
Heap after GC invocations=9 (full 1):
 PSYoungGen      total 126464K, used 10163K [0x00000000d5580000, 0x00000000de980000, 0x0000000100000000)
  eden space 114176K, 0% used [0x00000000d5580000,0x00000000d5580000,0x00000000dc500000)
  from space 12288K, 82% used [0x00000000dd180000,0x00000000ddb6cfc0,0x00000000ddd80000)
  to   space 12800K, 0% used [0x00000000dc500000,0x00000000dc500000,0x00000000dd180000)
 ParOldGen       total 70144K, used 8915K [0x0000000080000000, 0x0000000084480000, 0x00000000d5580000)
  object space 70144K, 12% used [0x0000000080000000,0x00000000808b4f78,0x0000000084480000)
 Metaspace       used 34363K, capacity 35398K, committed 35496K, reserved 1079296K
  class space    used 4670K, capacity 4946K, committed 5032K, reserved 1048576K
}
Event: 9.541 GC heap before
{Heap before GC invocations=10 (full 2):
 PSYoungGen      total 126464K, used 10163K [0x00000000d5580000, 0x00000000de980000, 0x0000000100000000)
  eden space 114176K, 0% used [0x00000000d5580000,0x00000000d5580000,0x00000000dc500000)
  from space 12288K, 82% used [0x00000000dd180000,0x00000000ddb6cfc0,0x00000000ddd80000)
  to   space 12800K, 0% used [0x00000000dc500000,0x00000000dc500000,0x00000000dd180000)
 ParOldGen       total 70144K, used 8915K [0x0000000080000000, 0x0000000084480000, 0x00000000d5580000)
  object space 70144K, 12% used [0x0000000080000000,0x00000000808b4f78,0x0000000084480000)
 Metaspace       used 34363K, capacity 35398K, committed 35496K, reserved 1079296K
  class space    used 4670K, capacity 4946K, committed 5032K, reserved 1048576K
Event: 9.651 GC heap after
Heap after GC invocations=10 (full 2):
 PSYoungGen      total 126464K, used 0K [0x00000000d5580000, 0x00000000de980000, 0x0000000100000000)
  eden space 114176K, 0% used [0x00000000d5580000,0x00000000d5580000,0x00000000dc500000)
  from space 12288K, 0% used [0x00000000dd180000,0x00000000dd180000,0x00000000ddd80000)
  to   space 12800K, 0% used [0x00000000dc500000,0x00000000dc500000,0x00000000dd180000)
 ParOldGen       total 70144K, used 16988K [0x0000000080000000, 0x0000000084480000, 0x00000000d5580000)
  object space 70144K, 24% used [0x0000000080000000,0x00000000810970b8,0x0000000084480000)
 Metaspace       used 34363K, capacity 35398K, committed 35496K, reserved 1079296K
  class space    used 4670K, capacity 4946K, committed 5032K, reserved 1048576K
}
Event: 12.337 GC heap before
{Heap before GC invocations=11 (full 2):
 PSYoungGen      total 126464K, used 114176K [0x00000000d5580000, 0x00000000de980000, 0x0000000100000000)
  eden space 114176K, 100% used [0x00000000d5580000,0x00000000dc500000,0x00000000dc500000)
  from space 12288K, 0% used [0x00000000dd180000,0x00000000dd180000,0x00000000ddd80000)
  to   space 12800K, 0% used [0x00000000dc500000,0x00000000dc500000,0x00000000dd180000)
 ParOldGen       total 70144K, used 16988K [0x0000000080000000, 0x0000000084480000, 0x00000000d5580000)
  object space 70144K, 24% used [0x0000000080000000,0x00000000810970b8,0x0000000084480000)
 Metaspace       used 41630K, capacity 43334K, committed 43432K, reserved 1087488K
  class space    used 5677K, capacity 6052K, committed 6056K, reserved 1048576K
Event: 12.352 GC heap after
Heap after GC invocations=11 (full 2):
 PSYoungGen      total 126976K, used 10533K [0x00000000d5580000, 0x00000000df600000, 0x0000000100000000)
  eden space 114176K, 0% used [0x00000000d5580000,0x00000000d5580000,0x00000000dc500000)
  from space 12800K, 82% used [0x00000000dc500000,0x00000000dcf49538,0x00000000dd180000)
  to   space 13824K, 0% used [0x00000000de880000,0x00000000de880000,0x00000000df600000)
 ParOldGen       total 70144K, used 16996K [0x0000000080000000, 0x0000000084480000, 0x00000000d5580000)
  object space 70144K, 24% used [0x0000000080000000,0x00000000810990b8,0x0000000084480000)
 Metaspace       used 41630K, capacity 43334K, committed 43432K, reserved 1087488K
  class space    used 5677K, capacity 6052K, committed 6056K, reserved 1048576K
}
Event: 14.886 GC heap before
{Heap before GC invocations=12 (full 2):
 PSYoungGen      total 126976K, used 124709K [0x00000000d5580000, 0x00000000df600000, 0x0000000100000000)
  eden space 114176K, 100% used [0x00000000d5580000,0x00000000dc500000,0x00000000dc500000)
  from space 12800K, 82% used [0x00000000dc500000,0x00000000dcf49538,0x00000000dd180000)
  to   space 13824K, 0% used [0x00000000de880000,0x00000000de880000,0x00000000df600000)
 ParOldGen       total 70144K, used 16996K [0x0000000080000000, 0x0000000084480000, 0x00000000d5580000)
  object space 70144K, 24% used [0x0000000080000000,0x00000000810990b8,0x0000000084480000)
 Metaspace       used 52177K, capacity 54034K, committed 54312K, reserved 1095680K
  class space    used 6959K, capacity 7356K, committed 7464K, reserved 1048576K
Event: 14.914 GC heap after
Heap after GC invocations=12 (full 2):
 PSYoungGen      total 146944K, used 13821K [0x00000000d5580000, 0x00000000dfd80000, 0x0000000100000000)
  eden space 133120K, 0% used [0x00000000d5580000,0x00000000d5580000,0x00000000dd780000)
  from space 13824K, 99% used [0x00000000de880000,0x00000000df5ff698,0x00000000df600000)
  to   space 17408K, 0% used [0x00000000dd780000,0x00000000dd780000,0x00000000de880000)
 ParOldGen       total 70144K, used 22585K [0x0000000080000000, 0x0000000084480000, 0x00000000d5580000)
  object space 70144K, 32% used [0x0000000080000000,0x000000008160e6f0,0x0000000084480000)
 Metaspace       used 52177K, capacity 54034K, committed 54312K, reserved 1095680K
  class space    used 6959K, capacity 7356K, committed 7464K, reserved 1048576K
}

