# JRE version: OpenJDK Runtime Environment (8.0_242-b01) (build 1.8.0_242-release-1644-b01)
# Java VM: OpenJDK 64-Bit Server VM (25.242-b01 mixed mode windows-amd64 compressed oops)
Heap:
 PSYoungGen      total 218112K, used 26640K [0x00000000d5580000, 0x00000000e6d80000, 0x0000000100000000)
  eden space 199680K, 13% used [0x00000000d5580000,0x00000000d6f84000,0x00000000e1880000)
  from space 18432K, 0% used [0x00000000e1880000,0x00000000e1880000,0x00000000e2a80000)
  to   space 22528K, 0% used [0x00000000e5780000,0x00000000e5780000,0x00000000e6d80000)
 ParOldGen       total 175104K, used 34733K [0x0000000080000000, 0x000000008ab00000, 0x00000000d5580000)
  object space 175104K, 19% used [0x0000000080000000,0x00000000821eb778,0x000000008ab00000)
 Metaspace       used 58614K, capacity 60638K, committed 60824K, reserved 1101824K
  class space    used 8022K, capacity 8482K, committed 8616K, reserved 1048576K
GC Heap History (10 events):
Event: 9.436 GC heap before
{Heap before GC invocations=8 (full 1):
 PSYoungGen      total 143872K, used 109652K [0x00000000d5580000, 0x00000000e1280000, 0x0000000100000000)
  eden space 134144K, 74% used [0x00000000d5580000,0x00000000db71ba80,0x00000000dd880000)
  from space 9728K, 99% used [0x00000000e0900000,0x00000000e1279888,0x00000000e1280000)
  to   space 12288K, 0% used [0x00000000dfa80000,0x00000000dfa80000,0x00000000e0680000)
 ParOldGen       total 72192K, used 8619K [0x0000000080000000, 0x0000000084680000, 0x00000000d5580000)
  object space 72192K, 11% used [0x0000000080000000,0x000000008086aea0,0x0000000084680000)
 Metaspace       used 34530K, capacity 35410K, committed 35496K, reserved 1079296K
  class space    used 4734K, capacity 4974K, committed 5032K, reserved 1048576K
Event: 9.476 GC heap after
Heap after GC invocations=8 (full 1):
 PSYoungGen      total 181248K, used 11467K [0x00000000d5580000, 0x00000000e3800000, 0x0000000100000000)
  eden space 168960K, 0% used [0x00000000d5580000,0x00000000d5580000,0x00000000dfa80000)
  from space 12288K, 93% used [0x00000000dfa80000,0x00000000e05b2c60,0x00000000e0680000)
  to   space 13824K, 0% used [0x00000000e2a80000,0x00000000e2a80000,0x00000000e3800000)
 ParOldGen       total 72192K, used 8627K [0x0000000080000000, 0x0000000084680000, 0x00000000d5580000)
  object space 72192K, 11% used [0x0000000080000000,0x000000008086cea0,0x0000000084680000)
 Metaspace       used 34530K, capacity 35410K, committed 35496K, reserved 1079296K
  class space    used 4734K, capacity 4974K, committed 5032K, reserved 1048576K
}
Event: 9.476 GC heap before
{Heap before GC invocations=9 (full 2):
 PSYoungGen      total 181248K, used 11467K [0x00000000d5580000, 0x00000000e3800000, 0x0000000100000000)
  eden space 168960K, 0% used [0x00000000d5580000,0x00000000d5580000,0x00000000dfa80000)
  from space 12288K, 93% used [0x00000000dfa80000,0x00000000e05b2c60,0x00000000e0680000)
  to   space 13824K, 0% used [0x00000000e2a80000,0x00000000e2a80000,0x00000000e3800000)
 ParOldGen       total 72192K, used 8627K [0x0000000080000000, 0x0000000084680000, 0x00000000d5580000)
  object space 72192K, 11% used [0x0000000080000000,0x000000008086cea0,0x0000000084680000)
 Metaspace       used 34530K, capacity 35410K, committed 35496K, reserved 1079296K
  class space    used 4734K, capacity 4974K, committed 5032K, reserved 1048576K
Event: 9.734 GC heap after
Heap after GC invocations=9 (full 2):
 PSYoungGen      total 181248K, used 0K [0x00000000d5580000, 0x00000000e3800000, 0x0000000100000000)
  eden space 168960K, 0% used [0x00000000d5580000,0x00000000d5580000,0x00000000dfa80000)
  from space 12288K, 0% used [0x00000000dfa80000,0x00000000dfa80000,0x00000000e0680000)
  to   space 13824K, 0% used [0x00000000e2a80000,0x00000000e2a80000,0x00000000e3800000)
 ParOldGen       total 117248K, used 17821K [0x0000000080000000, 0x0000000087280000, 0x00000000d5580000)
  object space 117248K, 15% used [0x0000000080000000,0x00000000811674a8,0x0000000087280000)
 Metaspace       used 34530K, capacity 35410K, committed 35496K, reserved 1079296K
  class space    used 4734K, capacity 4974K, committed 5032K, reserved 1048576K
}
Event: 16.298 GC heap before
{Heap before GC invocations=10 (full 2):
 PSYoungGen      total 181248K, used 168960K [0x00000000d5580000, 0x00000000e3800000, 0x0000000100000000)
  eden space 168960K, 100% used [0x00000000d5580000,0x00000000dfa80000,0x00000000dfa80000)
  from space 12288K, 0% used [0x00000000dfa80000,0x00000000dfa80000,0x00000000e0680000)
  to   space 13824K, 0% used [0x00000000e2a80000,0x00000000e2a80000,0x00000000e3800000)
 ParOldGen       total 117248K, used 17821K [0x0000000080000000, 0x0000000087280000, 0x00000000d5580000)
  object space 117248K, 15% used [0x0000000080000000,0x00000000811674a8,0x0000000087280000)
 Metaspace       used 49835K, capacity 51526K, committed 51624K, reserved 1093632K
  class space    used 6629K, capacity 7021K, committed 7080K, reserved 1048576K
Event: 16.335 GC heap after
Heap after GC invocations=10 (full 2):
 PSYoungGen      total 213504K, used 13818K [0x00000000d5580000, 0x00000000e5a00000, 0x0000000100000000)
  eden space 199680K, 0% used [0x00000000d5580000,0x00000000d5580000,0x00000000e1880000)
  from space 13824K, 99% used [0x00000000e2a80000,0x00000000e37fe880,0x00000000e3800000)
  to   space 18432K, 0% used [0x00000000e1880000,0x00000000e1880000,0x00000000e2a80000)
 ParOldGen       total 117248K, used 24530K [0x0000000080000000, 0x0000000087280000, 0x00000000d5580000)
  object space 117248K, 20% used [0x0000000080000000,0x00000000817f4840,0x0000000087280000)
 Metaspace       used 49835K, capacity 51526K, committed 51624K, reserved 1093632K
  class space    used 6629K, capacity 7021K, committed 7080K, reserved 1048576K
}
Event: 19.399 GC heap before
{Heap before GC invocations=11 (full 2):
 PSYoungGen      total 213504K, used 122491K [0x00000000d5580000, 0x00000000e5a00000, 0x0000000100000000)
  eden space 199680K, 54% used [0x00000000d5580000,0x00000000dbfa0500,0x00000000e1880000)
  from space 13824K, 99% used [0x00000000e2a80000,0x00000000e37fe880,0x00000000e3800000)
  to   space 18432K, 0% used [0x00000000e1880000,0x00000000e1880000,0x00000000e2a80000)
 ParOldGen       total 117248K, used 24530K [0x0000000080000000, 0x0000000087280000, 0x00000000d5580000)
  object space 117248K, 20% used [0x0000000080000000,0x00000000817f4840,0x0000000087280000)
 Metaspace       used 57022K, capacity 59118K, committed 59160K, reserved 1099776K
  class space    used 7716K, capacity 8202K, committed 8232K, reserved 1048576K
Event: 19.447 GC heap after
Heap after GC invocations=11 (full 2):
 PSYoungGen      total 218112K, used 18404K [0x00000000d5580000, 0x00000000e6d80000, 0x0000000100000000)
  eden space 199680K, 0% used [0x00000000d5580000,0x00000000d5580000,0x00000000e1880000)
  from space 18432K, 99% used [0x00000000e1880000,0x00000000e2a791f0,0x00000000e2a80000)
  to   space 22528K, 0% used [0x00000000e5780000,0x00000000e5780000,0x00000000e6d80000)
 ParOldGen       total 117248K, used 28439K [0x0000000080000000, 0x0000000087280000, 0x00000000d5580000)
  object space 117248K, 24% used [0x0000000080000000,0x0000000081bc5ec0,0x0000000087280000)
 Metaspace       used 57022K, capacity 59118K, committed 59160K, reserved 1099776K
  class space    used 7716K, capacity 8202K, committed 8232K, reserved 1048576K
}
Event: 19.447 GC heap before
{Heap before GC invocations=12 (full 3):
 PSYoungGen      total 218112K, used 18404K [0x00000000d5580000, 0x00000000e6d80000, 0x0000000100000000)
  eden space 199680K, 0% used [0x00000000d5580000,0x00000000d5580000,0x00000000e1880000)
  from space 18432K, 99% used [0x00000000e1880000,0x00000000e2a791f0,0x00000000e2a80000)
  to   space 22528K, 0% used [0x00000000e5780000,0x00000000e5780000,0x00000000e6d80000)
 ParOldGen       total 117248K, used 28439K [0x0000000080000000, 0x0000000087280000, 0x00000000d5580000)
  object space 117248K, 24% used [0x0000000080000000,0x0000000081bc5ec0,0x0000000087280000)
 Metaspace       used 57022K, capacity 59118K, committed 59160K, reserved 1099776K
  class space    used 7716K, capacity 8202K, committed 8232K, reserved 1048576K
Event: 19.799 GC heap after
Heap after GC invocations=12 (full 3):
 PSYoungGen      total 218112K, used 0K [0x00000000d5580000, 0x00000000e6d80000, 0x0000000100000000)
  eden space 199680K, 0% used [0x00000000d5580000,0x00000000d5580000,0x00000000e1880000)
  from space 18432K, 0% used [0x00000000e1880000,0x00000000e1880000,0x00000000e2a80000)
  to   space 22528K, 0% used [0x00000000e5780000,0x00000000e5780000,0x00000000e6d80000)
 ParOldGen       total 175104K, used 34733K [0x0000000080000000, 0x000000008ab00000, 0x00000000d5580000)
  object space 175104K, 19% used [0x0000000080000000,0x00000000821eb778,0x000000008ab00000)
 Metaspace       used 57008K, capacity 59070K, committed 59160K, reserved 1099776K
  class space    used 7712K, capacity 8194K, committed 8232K, reserved 1048576K
}

