# JRE version: OpenJDK Runtime Environment (8.0_242-b01) (build 1.8.0_242-release-1644-b01)
# Java VM: OpenJDK 64-Bit Server VM (25.242-b01 mixed mode windows-amd64 compressed oops)
Heap:
 PSYoungGen      total 46080K, used 43627K [0x00000000d5580000, 0x00000000dad00000, 0x0000000100000000)
  eden space 38912K, 97% used [0x00000000d5580000,0x00000000d7a83728,0x00000000d7b80000)
  from space 7168K, 79% used [0x00000000d8680000,0x00000000d8c17638,0x00000000d8d80000)
  to   space 11264K, 0% used [0x00000000d7b80000,0x00000000d7b80000,0x00000000d8680000)
 ParOldGen       total 73216K, used 8681K [0x0000000080000000, 0x0000000084780000, 0x00000000d5580000)
  object space 73216K, 11% used [0x0000000080000000,0x000000008087a650,0x0000000084780000)
 Metaspace       used 29954K, capacity 30698K, committed 30896K, reserved 1075200K
  class space    used 4045K, capacity 4268K, committed 4272K, reserved 1048576K
GC Heap History (10 events):
Event: 1.740 GC heap before
{Heap before GC invocations=3 (full 0):
 PSYoungGen      total 50176K, used 48097K [0x00000000d5580000, 0x00000000db780000, 0x0000000100000000)
  eden space 43008K, 100% used [0x00000000d5580000,0x00000000d7f80000,0x00000000d7f80000)
  from space 7168K, 71% used [0x00000000d8680000,0x00000000d8b78598,0x00000000d8d80000)
  to   space 7168K, 0% used [0x00000000d7f80000,0x00000000d7f80000,0x00000000d8680000)
 ParOldGen       total 114688K, used 24K [0x0000000080000000, 0x0000000087000000, 0x00000000d5580000)
  object space 114688K, 0% used [0x0000000080000000,0x0000000080006000,0x0000000087000000)
 Metaspace       used 14877K, capacity 15356K, committed 15488K, reserved 1062912K
  class space    used 1969K, capacity 2116K, committed 2176K, reserved 1048576K
Event: 1.745 GC heap after
Heap after GC invocations=3 (full 0):
 PSYoungGen      total 50176K, used 7166K [0x00000000d5580000, 0x00000000d8d80000, 0x0000000100000000)
  eden space 43008K, 0% used [0x00000000d5580000,0x00000000d5580000,0x00000000d7f80000)
  from space 7168K, 99% used [0x00000000d7f80000,0x00000000d867f9c8,0x00000000d8680000)
  to   space 7168K, 0% used [0x00000000d8680000,0x00000000d8680000,0x00000000d8d80000)
 ParOldGen       total 114688K, used 1178K [0x0000000080000000, 0x0000000087000000, 0x00000000d5580000)
  object space 114688K, 1% used [0x0000000080000000,0x0000000080126940,0x0000000087000000)
 Metaspace       used 14877K, capacity 15356K, committed 15488K, reserved 1062912K
  class space    used 1969K, capacity 2116K, committed 2176K, reserved 1048576K
}
Event: 2.074 GC heap before
{Heap before GC invocations=4 (full 0):
 PSYoungGen      total 50176K, used 50174K [0x00000000d5580000, 0x00000000d8d80000, 0x0000000100000000)
  eden space 43008K, 100% used [0x00000000d5580000,0x00000000d7f80000,0x00000000d7f80000)
  from space 7168K, 99% used [0x00000000d7f80000,0x00000000d867f9c8,0x00000000d8680000)
  to   space 7168K, 0% used [0x00000000d8680000,0x00000000d8680000,0x00000000d8d80000)
 ParOldGen       total 114688K, used 1178K [0x0000000080000000, 0x0000000087000000, 0x00000000d5580000)
  object space 114688K, 1% used [0x0000000080000000,0x0000000080126940,0x0000000087000000)
 Metaspace       used 18545K, capacity 19164K, committed 19456K, reserved 1067008K
  class space    used 2556K, capacity 2762K, committed 2816K, reserved 1048576K
Event: 2.080 GC heap after
Heap after GC invocations=4 (full 0):
 PSYoungGen      total 50176K, used 7160K [0x00000000d5580000, 0x00000000d8d80000, 0x0000000100000000)
  eden space 43008K, 0% used [0x00000000d5580000,0x00000000d5580000,0x00000000d7f80000)
  from space 7168K, 99% used [0x00000000d8680000,0x00000000d8d7e240,0x00000000d8d80000)
  to   space 7168K, 0% used [0x00000000d7f80000,0x00000000d7f80000,0x00000000d8680000)
 ParOldGen       total 114688K, used 3626K [0x0000000080000000, 0x0000000087000000, 0x00000000d5580000)
  object space 114688K, 3% used [0x0000000080000000,0x000000008038aa68,0x0000000087000000)
 Metaspace       used 18545K, capacity 19164K, committed 19456K, reserved 1067008K
  class space    used 2556K, capacity 2762K, committed 2816K, reserved 1048576K
}
Event: 2.266 GC heap before
{Heap before GC invocations=5 (full 0):
 PSYoungGen      total 50176K, used 37697K [0x00000000d5580000, 0x00000000d8d80000, 0x0000000100000000)
  eden space 43008K, 71% used [0x00000000d5580000,0x00000000d73521c0,0x00000000d7f80000)
  from space 7168K, 99% used [0x00000000d8680000,0x00000000d8d7e240,0x00000000d8d80000)
  to   space 7168K, 0% used [0x00000000d7f80000,0x00000000d7f80000,0x00000000d8680000)
 ParOldGen       total 114688K, used 3626K [0x0000000080000000, 0x0000000087000000, 0x00000000d5580000)
  object space 114688K, 3% used [0x0000000080000000,0x000000008038aa68,0x0000000087000000)
 Metaspace       used 20649K, capacity 21186K, committed 21296K, reserved 1067008K
  class space    used 2902K, capacity 3091K, committed 3120K, reserved 1048576K
Event: 2.271 GC heap after
Heap after GC invocations=5 (full 0):
 PSYoungGen      total 50176K, used 7159K [0x00000000d5580000, 0x00000000d8d80000, 0x0000000100000000)
  eden space 43008K, 0% used [0x00000000d5580000,0x00000000d5580000,0x00000000d7f80000)
  from space 7168K, 99% used [0x00000000d7f80000,0x00000000d867dd50,0x00000000d8680000)
  to   space 7168K, 0% used [0x00000000d8680000,0x00000000d8680000,0x00000000d8d80000)
 ParOldGen       total 114688K, used 5445K [0x0000000080000000, 0x0000000087000000, 0x00000000d5580000)
  object space 114688K, 4% used [0x0000000080000000,0x00000000805517e8,0x0000000087000000)
 Metaspace       used 20649K, capacity 21186K, committed 21296K, reserved 1067008K
  class space    used 2902K, capacity 3091K, committed 3120K, reserved 1048576K
}
Event: 2.271 GC heap before
{Heap before GC invocations=6 (full 1):
 PSYoungGen      total 50176K, used 7159K [0x00000000d5580000, 0x00000000d8d80000, 0x0000000100000000)
  eden space 43008K, 0% used [0x00000000d5580000,0x00000000d5580000,0x00000000d7f80000)
  from space 7168K, 99% used [0x00000000d7f80000,0x00000000d867dd50,0x00000000d8680000)
  to   space 7168K, 0% used [0x00000000d8680000,0x00000000d8680000,0x00000000d8d80000)
 ParOldGen       total 114688K, used 5445K [0x0000000080000000, 0x0000000087000000, 0x00000000d5580000)
  object space 114688K, 4% used [0x0000000080000000,0x00000000805517e8,0x0000000087000000)
 Metaspace       used 20649K, capacity 21186K, committed 21296K, reserved 1067008K
  class space    used 2902K, capacity 3091K, committed 3120K, reserved 1048576K
Event: 2.296 GC heap after
Heap after GC invocations=6 (full 1):
 PSYoungGen      total 50176K, used 0K [0x00000000d5580000, 0x00000000d8d80000, 0x0000000100000000)
  eden space 43008K, 0% used [0x00000000d5580000,0x00000000d5580000,0x00000000d7f80000)
  from space 7168K, 0% used [0x00000000d7f80000,0x00000000d7f80000,0x00000000d8680000)
  to   space 7168K, 0% used [0x00000000d8680000,0x00000000d8680000,0x00000000d8d80000)
 ParOldGen       total 73216K, used 8673K [0x0000000080000000, 0x0000000084780000, 0x00000000d5580000)
  object space 73216K, 11% used [0x0000000080000000,0x0000000080878650,0x0000000084780000)
 Metaspace       used 20649K, capacity 21186K, committed 21296K, reserved 1067008K
  class space    used 2902K, capacity 3091K, committed 3120K, reserved 1048576K
}
Event: 2.619 GC heap before
{Heap before GC invocations=7 (full 1):
 PSYoungGen      total 50176K, used 43008K [0x00000000d5580000, 0x00000000d8d80000, 0x0000000100000000)
  eden space 43008K, 100% used [0x00000000d5580000,0x00000000d7f80000,0x00000000d7f80000)
  from space 7168K, 0% used [0x00000000d7f80000,0x00000000d7f80000,0x00000000d8680000)
  to   space 7168K, 0% used [0x00000000d8680000,0x00000000d8680000,0x00000000d8d80000)
 ParOldGen       total 73216K, used 8673K [0x0000000080000000, 0x0000000084780000, 0x00000000d5580000)
  object space 73216K, 11% used [0x0000000080000000,0x0000000080878650,0x0000000084780000)
 Metaspace       used 26436K, capacity 27090K, committed 27440K, reserved 1073152K
  class space    used 3644K, capacity 3841K, committed 3888K, reserved 1048576K
Event: 2.622 GC heap after
Heap after GC invocations=7 (full 1):
 PSYoungGen      total 46080K, used 5725K [0x00000000d5580000, 0x00000000dad00000, 0x0000000100000000)
  eden space 38912K, 0% used [0x00000000d5580000,0x00000000d5580000,0x00000000d7b80000)
  from space 7168K, 79% used [0x00000000d8680000,0x00000000d8c17638,0x00000000d8d80000)
  to   space 11264K, 0% used [0x00000000d7b80000,0x00000000d7b80000,0x00000000d8680000)
 ParOldGen       total 73216K, used 8681K [0x0000000080000000, 0x0000000084780000, 0x00000000d5580000)
  object space 73216K, 11% used [0x0000000080000000,0x000000008087a650,0x0000000084780000)
 Metaspace       used 26436K, capacity 27090K, committed 27440K, reserved 1073152K
  class space    used 3644K, capacity 3841K, committed 3888K, reserved 1048576K
}

